[01:47:13.138][CONSTRUCT][CLIENT][INFO] Starting building internal Registries
[01:47:13.650][CONSTRUCT][CLIENT][INFO] The following mods have explicit CraftTweaker support:
'contenttweaker' at version '1.0.0.develop.36'
'crafttweaker' at version '7.1.2.525'
'farmersdelight' at version '1.16.5-0.6.0'
'jeitweaker' at version '1.1.0.49'
[01:47:14.132][CONSTRUCT][CLIENT][INFO] Completed building internal Registries
[01:47:15.378][LOAD_REGISTRIES][CLIENT][INFO] Started loading Scripts for Loader 'contenttweaker'!
[01:47:15.716][LOAD_REGISTRIES][CLIENT][INFO] Loading file: 'caverns_n_chasms_compat_content.zs' with priority: 80
[01:47:15.717][LOAD_REGISTRIES][CLIENT][INFO] Loading file: 'create_compat_content.zs' with priority: 80
[01:47:15.830][LOAD_REGISTRIES][CLIENT][INFO] Finished loading Scripts!
[01:47:19.359][COMMON_SETUP][CLIENT][INFO] Started loading Scripts for Loader 'setupCommon'!
[01:47:19.551][COMMON_SETUP][CLIENT][INFO] Finished loading Scripts!
[01:47:25.447][DONE][CLIENT][INFO] Started loading Scripts for Loader 'crafttweaker'!
[01:47:25.540][DONE][CLIENT][INFO] Loading file: 'feature_disabling.zs' with priority: 100
[01:47:25.554][DONE][CLIENT][INFO] Loading file: 'jei_info.zs' with priority: 100
[01:47:25.568][DONE][CLIENT][INFO] Loading file: 'recipes.zs' with priority: 100
[01:47:25.573][DONE][CLIENT][INFO] Loading file: 'seed_pouch_fixing.zs' with priority: 100
[01:47:25.573][DONE][CLIENT][INFO] Loading file: 'caverns_n_chasms_compat.zs' with priority: 90
[01:47:25.597][DONE][CLIENT][INFO] Loading file: 'create_compat.zs' with priority: 90
[01:47:25.955][DONE][CLIENT][INFO] Loading file: 'sack_fix.zs' with priority: 10
[01:47:26.068][DONE][CLIENT][INFO] Removing "minecraft:crafting" recipes with output: <item:environmental:apple_pie>"
[01:47:26.080][DONE][CLIENT][INFO] Removing "minecraft:crafting" recipe with name: "minecraft:yellow_dye_from_sunflower"
[01:47:26.080][DONE][CLIENT][INFO] Removing "minecraft:crafting" recipe with name: "charm:extra_recipes/trident"
[01:47:26.081][DONE][CLIENT][INFO] Removing "minecraft:crafting" recipe with name: "charm:extra_recipes/soul_torch"
[01:47:26.081][DONE][CLIENT][INFO] Removing "minecraft:crafting" recipe with name: "charm:extra_recipes/green_dye"
[01:47:26.081][DONE][CLIENT][INFO] Removing "minecraft:crafting" recipe with name: "charm:extra_recipes/gilded_blackstone"
[01:47:26.081][DONE][CLIENT][INFO] Removing "minecraft:crafting" recipe with name: "charm:extra_recipes/cyan_dye"
[01:47:26.081][DONE][CLIENT][INFO] Removing "minecraft:crafting" recipes with output: <item:atmospheric:passionfruit_sorbet>"
[01:47:26.089][DONE][CLIENT][INFO] Removing "minecraft:crafting" recipes with output: <item:autumnity:pancake>"
[01:47:26.091][DONE][CLIENT][INFO] Removing "minecraft:crafting" recipes with output: <item:inspirations:shelf>"
[01:47:26.093][DONE][CLIENT][INFO] Removing "minecraft:crafting" recipes with output: <item:inspirations:ancient_shelf>"
[01:47:26.095][DONE][CLIENT][INFO] Removing "minecraft:crafting" recipes with output: <item:inspirations:rainbow_shelf>"
[01:47:26.096][DONE][CLIENT][INFO] Removing "minecraft:crafting" recipes with output: <item:inspirations:tomes_shelf>"
[01:47:26.098][DONE][CLIENT][INFO] Removing "minecraft:crafting" recipes with output: <item:inspirations:white_enlightened_bush>"
[01:47:26.099][DONE][CLIENT][INFO] Removing "minecraft:crafting" recipes with output: <item:inspirations:red_enlightened_bush>"
[01:47:26.101][DONE][CLIENT][INFO] Removing "minecraft:crafting" recipes with output: <item:inspirations:green_enlightened_bush>"
[01:47:26.102][DONE][CLIENT][INFO] Removing "minecraft:crafting" recipes with output: <item:inspirations:blue_enlightened_bush>"
[01:47:26.104][DONE][CLIENT][INFO] Removing "minecraft:crafting" recipes with output: <item:inspirations:brown_mulch>"
[01:47:26.105][DONE][CLIENT][INFO] Removing "minecraft:crafting" recipes with output: <item:inspirations:red_mulch>"
[01:47:26.106][DONE][CLIENT][INFO] Removing "minecraft:crafting" recipes with output: <item:inspirations:black_mulch>"
[01:47:26.107][DONE][CLIENT][INFO] Removing "minecraft:crafting" recipes with output: <item:inspirations:blue_mulch>"
[01:47:26.108][DONE][CLIENT][INFO] Removing "minecraft:crafting" recipes with output: <item:inspirations:rock_path>"
[01:47:26.109][DONE][CLIENT][INFO] Removing "minecraft:crafting" recipes with output: <item:inspirations:tile_path>"
[01:47:26.110][DONE][CLIENT][INFO] Removing "minecraft:crafting" recipes with output: <item:inspirations:brick_path>"
[01:47:26.111][DONE][CLIENT][INFO] Removing "minecraft:crafting" recipes with output: <item:inspirations:rope>"
[01:47:26.113][DONE][CLIENT][INFO] Removing "minecraft:crafting" recipes with output: <item:inspirations:vine>"
[01:47:26.114][DONE][CLIENT][INFO] Removing "minecraft:crafting" recipes with output: <item:inspirations:torch_lever>"
[01:47:26.115][DONE][CLIENT][INFO] Removing "minecraft:crafting" recipes with output: <item:inspirations:redstone_book>"
[01:47:26.116][DONE][CLIENT][INFO] Removing "minecraft:crafting" recipes with output: <item:inspirations:pipe>"
[01:47:26.117][DONE][CLIENT][INFO] Removing "minecraft:crafting" recipes with output: <item:inspirations:lock>"
[01:47:26.118][DONE][CLIENT][INFO] Removing "minecraft:crafting" recipes with output: <item:inspirations:key>"
[01:47:26.119][DONE][CLIENT][INFO] Removing "minecraft:crafting" recipes with output: <item:inspirations:barometer>"
[01:47:26.120][DONE][CLIENT][INFO] Removing "minecraft:crafting" recipes with output: <item:inspirations:photometer>"
[01:47:26.121][DONE][CLIENT][INFO] Removing "minecraft:crafting" recipes with output: <item:inspirations:dimension_compass>"
[01:47:26.122][DONE][CLIENT][INFO] Removing "minecraft:stonecutting" recipes with output: <item:inspirations:plain_mulch>"
[01:47:26.124][DONE][CLIENT][INFO] Removing "minecraft:stonecutting" recipes with output: <item:inspirations:rock_path>"
[01:47:26.124][DONE][CLIENT][INFO] Removing "minecraft:stonecutting" recipes with output: <item:inspirations:round_path>"
[01:47:26.124][DONE][CLIENT][INFO] Removing "minecraft:stonecutting" recipes with output: <item:inspirations:tile_path>"
[01:47:26.125][DONE][CLIENT][INFO] Removing "minecraft:stonecutting" recipes with output: <item:inspirations:brick_path>"
[01:47:26.125][DONE][CLIENT][INFO] Removing "minecraft:campfire_cooking" recipes with output: <item:farmersdelight:fried_egg>"
[01:47:26.126][DONE][CLIENT][INFO] Removing "minecraft:smelting" recipes with output: <item:farmersdelight:fried_egg>"
[01:47:26.126][DONE][CLIENT][INFO] Removing "minecraft:smoking" recipes with output: <item:farmersdelight:fried_egg>"
[01:47:26.126][DONE][CLIENT][INFO] Removing "minecraft:crafting" recipes with output: <item:skinnedlanterns:bee_lantern_block>"
[01:47:26.128][DONE][CLIENT][INFO] Removing "minecraft:crafting" recipes with output: <item:skinnedlanterns:bee_soul_lantern_block>"
[01:47:26.129][DONE][CLIENT][INFO] Removing "minecraft:crafting" recipes with output: <item:skinnedlanterns:blinky_lantern_block>"
[01:47:26.130][DONE][CLIENT][INFO] Removing "minecraft:crafting" recipes with output: <item:skinnedlanterns:blinky_soul_lantern_block>"
[01:47:26.132][DONE][CLIENT][INFO] Removing "minecraft:crafting" recipes with output: <item:skinnedlanterns:clyde_lantern_block>"
[01:47:26.133][DONE][CLIENT][INFO] Removing "minecraft:crafting" recipes with output: <item:skinnedlanterns:clyde_soul_lantern_block>"
[01:47:26.135][DONE][CLIENT][INFO] Removing "minecraft:crafting" recipes with output: <item:skinnedlanterns:creeper_ender_lantern_block>"
[01:47:26.136][DONE][CLIENT][INFO] Removing "minecraft:crafting" recipes with output: <item:skinnedlanterns:creeper_lantern_block>"
[01:47:26.137][DONE][CLIENT][INFO] Removing "minecraft:crafting" recipes with output: <item:skinnedlanterns:creeper_soul_lantern_block>"
[01:47:26.138][DONE][CLIENT][INFO] Removing "minecraft:crafting" recipes with output: <item:skinnedlanterns:ghost_lantern_block>"
[01:47:26.139][DONE][CLIENT][INFO] Removing "minecraft:crafting" recipes with output: <item:skinnedlanterns:ghost_soul_lantern_block>"
[01:47:26.140][DONE][CLIENT][INFO] Removing "minecraft:crafting" recipes with output: <item:skinnedlanterns:guardian_lantern_block>"
[01:47:26.142][DONE][CLIENT][INFO] Removing "minecraft:crafting" recipes with output: <item:skinnedlanterns:guardian_soul_lantern_block>"
[01:47:26.143][DONE][CLIENT][INFO] Removing "minecraft:crafting" recipes with output: <item:skinnedlanterns:honey_lantern_block>"
[01:47:26.144][DONE][CLIENT][INFO] Removing "minecraft:crafting" recipes with output: <item:skinnedlanterns:honey_soul_lantern_block>"
[01:47:26.145][DONE][CLIENT][INFO] Removing "minecraft:crafting" recipes with output: <item:skinnedlanterns:inky_lantern_block>"
[01:47:26.146][DONE][CLIENT][INFO] Removing "minecraft:crafting" recipes with output: <item:skinnedlanterns:inky_soul_lantern_block>"
[01:47:26.148][DONE][CLIENT][INFO] Removing "minecraft:crafting" recipes with output: <item:skinnedlanterns:jack_o_lantern_ender_lantern_block>"
[01:47:26.149][DONE][CLIENT][INFO] Removing "minecraft:crafting" recipes with output: <item:skinnedlanterns:jack_o_lantern_lantern_block>"
[01:47:26.150][DONE][CLIENT][INFO] Removing "minecraft:crafting" recipes with output: <item:skinnedlanterns:jack_o_lantern_soul_lantern_block>"
[01:47:26.151][DONE][CLIENT][INFO] Removing "minecraft:crafting" recipes with output: <item:skinnedlanterns:pacman_lantern_block>"
[01:47:26.152][DONE][CLIENT][INFO] Removing "minecraft:crafting" recipes with output: <item:skinnedlanterns:pacman_soul_lantern_block>"
[01:47:26.153][DONE][CLIENT][INFO] Removing "minecraft:crafting" recipes with output: <item:skinnedlanterns:pinky_lantern_block>"
[01:47:26.154][DONE][CLIENT][INFO] Removing "minecraft:crafting" recipes with output: <item:skinnedlanterns:pinky_soul_lantern_block>"
[01:47:26.156][DONE][CLIENT][INFO] Removing "minecraft:crafting" recipes with output: <item:skinnedlanterns:present_green_lantern_block>"
[01:47:26.157][DONE][CLIENT][INFO] Removing "minecraft:crafting" recipes with output: <item:skinnedlanterns:present_green_soul_lantern_block>"
[01:47:26.158][DONE][CLIENT][INFO] Removing "minecraft:crafting" recipes with output: <item:skinnedlanterns:present_red_lantern_block>"
[01:47:26.161][DONE][CLIENT][INFO] Removing "minecraft:crafting" recipes with output: <item:skinnedlanterns:present_red_soul_lantern_block>"
[01:47:26.163][DONE][CLIENT][INFO] Removing "minecraft:crafting" recipes with output: <item:skinnedlanterns:pufferfish_lantern_block>"
[01:47:26.164][DONE][CLIENT][INFO] Removing "minecraft:crafting" recipes with output: <item:skinnedlanterns:pufferfish_soul_lantern_block>"
[01:47:26.165][DONE][CLIENT][INFO] Removing "minecraft:crafting" recipes with output: <item:skinnedlanterns:slime_lantern_block>"
[01:47:26.166][DONE][CLIENT][INFO] Removing "minecraft:crafting" recipes with output: <item:skinnedlanterns:slime_soul_lantern_block>"
[01:47:26.167][DONE][CLIENT][INFO] Removing "minecraft:crafting" recipes with output: <item:skinnedlanterns:snowman_lantern_block>"
[01:47:26.168][DONE][CLIENT][INFO] Removing "minecraft:crafting" recipes with output: <item:skinnedlanterns:snowman_soul_lantern_block>"
[01:47:26.169][DONE][CLIENT][INFO] Removing "minecraft:crafting" recipes with output: <item:skinnedlanterns:zombie_ender_lantern_block>"
[01:47:26.170][DONE][CLIENT][INFO] Removing "minecraft:crafting" recipes with output: <item:skinnedlanterns:zombie_lantern_block>"
[01:47:26.171][DONE][CLIENT][INFO] Removing "minecraft:crafting" recipes with output: <item:skinnedlanterns:zombie_soul_lantern_block>"
[01:47:26.172][DONE][CLIENT][INFO] Removing "minecraft:crafting" recipes with output: <item:skinnedlanterns:ornament_black_lantern_block>"
[01:47:26.172][DONE][CLIENT][INFO] Removing "minecraft:crafting" recipes with output: <item:skinnedlanterns:ornament_black_soul_lantern_block>"
[01:47:26.173][DONE][CLIENT][INFO] Removing "minecraft:crafting" recipes with output: <item:skinnedlanterns:ornament_blue_lantern_block>"
[01:47:26.174][DONE][CLIENT][INFO] Removing "minecraft:crafting" recipes with output: <item:skinnedlanterns:ornament_blue_soul_lantern_block>"
[01:47:26.174][DONE][CLIENT][INFO] Removing "minecraft:crafting" recipes with output: <item:skinnedlanterns:ornament_brown_lantern_block>"
[01:47:26.175][DONE][CLIENT][INFO] Removing "minecraft:crafting" recipes with output: <item:skinnedlanterns:ornament_brown_soul_lantern_block>"
[01:47:26.176][DONE][CLIENT][INFO] Removing "minecraft:crafting" recipes with output: <item:skinnedlanterns:ornament_cyan_lantern_block>"
[01:47:26.176][DONE][CLIENT][INFO] Removing "minecraft:crafting" recipes with output: <item:skinnedlanterns:ornament_cyan_soul_lantern_block>"
[01:47:26.177][DONE][CLIENT][INFO] Removing "minecraft:crafting" recipes with output: <item:skinnedlanterns:ornament_gray_lantern_block>"
[01:47:26.178][DONE][CLIENT][INFO] Removing "minecraft:crafting" recipes with output: <item:skinnedlanterns:ornament_gray_soul_lantern_block>"
[01:47:26.178][DONE][CLIENT][INFO] Removing "minecraft:crafting" recipes with output: <item:skinnedlanterns:ornament_green_lantern_block>"
[01:47:26.179][DONE][CLIENT][INFO] Removing "minecraft:crafting" recipes with output: <item:skinnedlanterns:ornament_green_soul_lantern_block>"
[01:47:26.180][DONE][CLIENT][INFO] Removing "minecraft:crafting" recipes with output: <item:skinnedlanterns:ornament_light_blue_lantern_block>"
[01:47:26.180][DONE][CLIENT][INFO] Removing "minecraft:crafting" recipes with output: <item:skinnedlanterns:ornament_light_blue_soul_lantern_block>"
[01:47:26.181][DONE][CLIENT][INFO] Removing "minecraft:crafting" recipes with output: <item:skinnedlanterns:ornament_light_gray_lantern_block>"
[01:47:26.182][DONE][CLIENT][INFO] Removing "minecraft:crafting" recipes with output: <item:skinnedlanterns:ornament_light_gray_soul_lantern_block>"
[01:47:26.183][DONE][CLIENT][INFO] Removing "minecraft:crafting" recipes with output: <item:skinnedlanterns:ornament_lime_lantern_block>"
[01:47:26.184][DONE][CLIENT][INFO] Removing "minecraft:crafting" recipes with output: <item:skinnedlanterns:ornament_lime_soul_lantern_block>"
[01:47:26.184][DONE][CLIENT][INFO] Removing "minecraft:crafting" recipes with output: <item:skinnedlanterns:ornament_magenta_lantern_block>"
[01:47:26.185][DONE][CLIENT][INFO] Removing "minecraft:crafting" recipes with output: <item:skinnedlanterns:ornament_magenta_soul_lantern_block>"
[01:47:26.186][DONE][CLIENT][INFO] Removing "minecraft:crafting" recipes with output: <item:skinnedlanterns:ornament_orange_lantern_block>"
[01:47:26.187][DONE][CLIENT][INFO] Removing "minecraft:crafting" recipes with output: <item:skinnedlanterns:ornament_orange_soul_lantern_block>"
[01:47:26.188][DONE][CLIENT][INFO] Removing "minecraft:crafting" recipes with output: <item:skinnedlanterns:ornament_pink_lantern_block>"
[01:47:26.189][DONE][CLIENT][INFO] Removing "minecraft:crafting" recipes with output: <item:skinnedlanterns:ornament_pink_soul_lantern_block>"
[01:47:26.189][DONE][CLIENT][INFO] Removing "minecraft:crafting" recipes with output: <item:skinnedlanterns:ornament_purple_lantern_block>"
[01:47:26.190][DONE][CLIENT][INFO] Removing "minecraft:crafting" recipes with output: <item:skinnedlanterns:ornament_purple_soul_lantern_block>"
[01:47:26.191][DONE][CLIENT][INFO] Removing "minecraft:crafting" recipes with output: <item:skinnedlanterns:ornament_red_lantern_block>"
[01:47:26.192][DONE][CLIENT][INFO] Removing "minecraft:crafting" recipes with output: <item:skinnedlanterns:ornament_red_soul_lantern_block>"
[01:47:26.192][DONE][CLIENT][INFO] Removing "minecraft:crafting" recipes with output: <item:skinnedlanterns:ornament_white_lantern_block>"
[01:47:26.193][DONE][CLIENT][INFO] Removing "minecraft:crafting" recipes with output: <item:skinnedlanterns:ornament_white_soul_lantern_block>"
[01:47:26.194][DONE][CLIENT][INFO] Removing "minecraft:crafting" recipes with output: <item:skinnedlanterns:ornament_yellow_lantern_block>"
[01:47:26.195][DONE][CLIENT][INFO] Removing "minecraft:crafting" recipes with output: <item:skinnedlanterns:ornament_yellow_soul_lantern_block>"
[01:47:26.196][DONE][CLIENT][INFO] Removing "minecraft:crafting" recipes with output: <item:alexsmobs:fish_oil>"
[01:47:26.197][DONE][CLIENT][INFO] Removing "minecraft:crafting" recipes with output: <item:alexsmobs:poison_bottle>"
[01:47:26.198][DONE][CLIENT][INFO] Removing "minecraft:crafting" recipes with output: <item:alexsmobs:komodo_spit_bottle>"
[01:47:26.200][DONE][CLIENT][INFO] Removing "minecraft:crafting" recipes with output: <item:alexsmobs:centipede_leggings>"
[01:47:26.201][DONE][CLIENT][INFO] Removing "minecraft:crafting" recipes with output: <item:alexsmobs:banner_pattern_new_mexico>"
[01:47:26.202][DONE][CLIENT][INFO] Removing "minecraft:crafting" recipes with output: <item:alexsmobs:dimensional_carver>"
[01:47:26.203][DONE][CLIENT][INFO] Removing "minecraft:crafting" recipes with output: <item:alexsmobs:falconry_glove>"
[01:47:26.204][DONE][CLIENT][INFO] Removing "minecraft:crafting" recipes with output: <item:alexsmobs:falconry_hood>"
[01:47:26.204][DONE][CLIENT][INFO] Removing "minecraft:crafting" recipes with output: <item:alexsmobs:mysterious_worm>"
[01:47:26.205][DONE][CLIENT][INFO] Removing "minecraft:crafting" recipes with output: <item:alexsmobs:shield_of_the_deep>"
[01:47:26.206][DONE][CLIENT][INFO] Removing "minecraft:crafting" recipes with output: <item:alexsmobs:shrimp_fried_rice>"
[01:47:26.207][DONE][CLIENT][INFO] Removing "minecraft:crafting" recipes with output: <item:alexsmobs:endolocator>"
[01:47:26.208][DONE][CLIENT][INFO] Removing "minecraft:crafting" recipes with output: <item:alexsmobs:echolocator>"
[01:47:26.209][DONE][CLIENT][INFO] Removing "minecraft:crafting" recipes with output: <item:paraglider:spirit_orb>"
[01:47:26.209][DONE][CLIENT][INFO] Removing "minecraft:crafting" recipes with output: <item:paraglider:horned_statue>"
[01:47:26.210][DONE][CLIENT][INFO] Removing "minecraft:crafting" recipes with output: <item:paraglider:deku_leaf>"
[01:47:26.211][DONE][CLIENT][INFO] Removing "minecraft:crafting" recipes with output: <item:paraglider:paraglider>"
[01:47:26.212][DONE][CLIENT][INFO] Removing "minecraft:crafting" recipes with output: <item:paraglider:heart_container>"
[01:47:26.212][DONE][CLIENT][INFO] Removing "minecraft:crafting" recipes with output: <item:paraglider:stamina_vessel>"
[01:47:26.213][DONE][CLIENT][INFO] Removing "minecraft:crafting" recipes with output: <item:paraglider:goddess_statue>"
[01:47:26.214][DONE][CLIENT][INFO] Removing "minecraft:crafting" recipes with output: <item:paraglider:kakariko_goddess_statue>"
[01:47:26.215][DONE][CLIENT][INFO] Removing "minecraft:crafting" recipes with output: <item:paraglider:goron_goddess_statue>"
[01:47:26.216][DONE][CLIENT][INFO] Removing "minecraft:crafting" recipes with output: <item:paraglider:rito_goddess_statue>"
[01:47:26.217][DONE][CLIENT][INFO] Removing "minecraft:crafting" recipes with output: <item:waystones:return_scroll>"
[01:47:26.217][DONE][CLIENT][INFO] Removing "minecraft:crafting" recipes with output: <item:waystones:bound_scroll>"
[01:47:26.218][DONE][CLIENT][INFO] Removing "minecraft:crafting" recipes with output: <item:waystones:warp_scroll>"
[01:47:26.219][DONE][CLIENT][INFO] Removing "minecraft:crafting" recipes with output: <item:waystones:warp_stone>"
[01:47:26.220][DONE][CLIENT][INFO] Removing "minecraft:crafting" recipes with output: <item:waystones:waystone>"
[01:47:26.220][DONE][CLIENT][INFO] Removing "minecraft:crafting" recipes with output: <item:waystones:mossy_waystone>"
[01:47:26.221][DONE][CLIENT][INFO] Removing "minecraft:crafting" recipes with output: <item:waystones:sandy_waystone>"
[01:47:26.222][DONE][CLIENT][INFO] Removing "minecraft:crafting" recipes with output: <item:waystones:attuned_shard>"
[01:47:26.223][DONE][CLIENT][INFO] Removing "minecraft:crafting" recipes with output: <item:waystones:black_sharestone>"
[01:47:26.224][DONE][CLIENT][INFO] Removing "minecraft:crafting" recipes with output: <item:waystones:blue_sharestone>"
[01:47:26.224][DONE][CLIENT][INFO] Removing "minecraft:crafting" recipes with output: <item:waystones:brown_sharestone>"
[01:47:26.225][DONE][CLIENT][INFO] Removing "minecraft:crafting" recipes with output: <item:waystones:cyan_sharestone>"
[01:47:26.226][DONE][CLIENT][INFO] Removing "minecraft:crafting" recipes with output: <item:waystones:gray_sharestone>"
[01:47:26.227][DONE][CLIENT][INFO] Removing "minecraft:crafting" recipes with output: <item:waystones:green_sharestone>"
[01:47:26.227][DONE][CLIENT][INFO] Removing "minecraft:crafting" recipes with output: <item:waystones:light_blue_sharestone>"
[01:47:26.228][DONE][CLIENT][INFO] Removing "minecraft:crafting" recipes with output: <item:waystones:light_gray_sharestone>"
[01:47:26.229][DONE][CLIENT][INFO] Removing "minecraft:crafting" recipes with output: <item:waystones:lime_sharestone>"
[01:47:26.230][DONE][CLIENT][INFO] Removing "minecraft:crafting" recipes with output: <item:waystones:magenta_sharestone>"
[01:47:26.230][DONE][CLIENT][INFO] Removing "minecraft:crafting" recipes with output: <item:waystones:orange_sharestone>"
[01:47:26.231][DONE][CLIENT][INFO] Removing "minecraft:crafting" recipes with output: <item:waystones:pink_sharestone>"
[01:47:26.232][DONE][CLIENT][INFO] Removing "minecraft:crafting" recipes with output: <item:waystones:portstone>"
[01:47:26.233][DONE][CLIENT][INFO] Removing "minecraft:crafting" recipes with output: <item:waystones:purple_sharestone>"
[01:47:26.233][DONE][CLIENT][INFO] Removing "minecraft:crafting" recipes with output: <item:waystones:red_sharestone>"
[01:47:26.234][DONE][CLIENT][INFO] Removing "minecraft:crafting" recipes with output: <item:waystones:sharestone>"
[01:47:26.235][DONE][CLIENT][INFO] Removing "minecraft:crafting" recipes with output: <item:waystones:warp_dust>"
[01:47:26.236][DONE][CLIENT][INFO] Removing "minecraft:crafting" recipes with output: <item:waystones:warp_plate>"
[01:47:26.236][DONE][CLIENT][INFO] Removing "minecraft:crafting" recipes with output: <item:waystones:white_sharestone>"
[01:47:26.237][DONE][CLIENT][INFO] Removing "minecraft:crafting" recipes with output: <item:waystones:yellow_sharestone>"
[01:47:26.241][DONE][CLIENT][INFO] Removing Wandering Trader trade for Level: '2'
[01:47:26.242][DONE][CLIENT][INFO] Removing "minecraft:crafting" recipes with output: <item:decorative_blocks:acacia_seat>"
[01:47:26.242][DONE][CLIENT][INFO] Removing "minecraft:crafting" recipes with output: <item:decorative_blocks:acacia_support>"
[01:47:26.243][DONE][CLIENT][INFO] Removing "minecraft:crafting" recipes with output: <item:decorative_blocks:bar_panel>"
[01:47:26.244][DONE][CLIENT][INFO] Removing "minecraft:crafting" recipes with output: <item:decorative_blocks:birch_seat>"
[01:47:26.245][DONE][CLIENT][INFO] Removing "minecraft:crafting" recipes with output: <item:decorative_blocks:birch_support>"
[01:47:26.245][DONE][CLIENT][INFO] Removing "minecraft:crafting" recipes with output: <item:decorative_blocks:crimson_seat>"
[01:47:26.246][DONE][CLIENT][INFO] Removing "minecraft:crafting" recipes with output: <item:decorative_blocks:crimson_support>"
[01:47:26.247][DONE][CLIENT][INFO] Removing "minecraft:crafting" recipes with output: <item:decorative_blocks:dark_oak_seat>"
[01:47:26.248][DONE][CLIENT][INFO] Removing "minecraft:crafting" recipes with output: <item:decorative_blocks:dark_oak_support>"
[01:47:26.248][DONE][CLIENT][INFO] Removing "minecraft:crafting" recipes with output: <item:decorative_blocks:jungle_seat>"
[01:47:26.249][DONE][CLIENT][INFO] Removing "minecraft:crafting" recipes with output: <item:decorative_blocks:jungle_support>"
[01:47:26.250][DONE][CLIENT][INFO] Removing "minecraft:crafting" recipes with output: <item:decorative_blocks:lattice>"
[01:47:26.251][DONE][CLIENT][INFO] Removing "minecraft:crafting" recipes with output: <item:decorative_blocks:oak_seat>"
[01:47:26.251][DONE][CLIENT][INFO] Removing "minecraft:crafting" recipes with output: <item:decorative_blocks:oak_support>"
[01:47:26.252][DONE][CLIENT][INFO] Removing "minecraft:crafting" recipes with output: <item:decorative_blocks:spruce_seat>"
[01:47:26.253][DONE][CLIENT][INFO] Removing "minecraft:crafting" recipes with output: <item:decorative_blocks:spruce_support>"
[01:47:26.254][DONE][CLIENT][INFO] Removing "minecraft:crafting" recipes with output: <item:decorative_blocks:warped_seat>"
[01:47:26.254][DONE][CLIENT][INFO] Removing "minecraft:crafting" recipes with output: <item:decorative_blocks:warped_support>"
[01:47:26.255][DONE][CLIENT][INFO] Removing "minecraft:crafting" recipes with output: <item:decorative_blocks_abnormals:brown_mushroom_seat>"
[01:47:26.256][DONE][CLIENT][INFO] Removing "minecraft:crafting" recipes with output: <item:decorative_blocks_abnormals:brown_mushroom_support>"
[01:47:26.257][DONE][CLIENT][INFO] Removing "minecraft:crafting" recipes with output: <item:decorative_blocks_abnormals:driftwood_seat>"
[01:47:26.257][DONE][CLIENT][INFO] Removing "minecraft:crafting" recipes with output: <item:decorative_blocks_abnormals:driftwood_support>"
[01:47:26.258][DONE][CLIENT][INFO] Removing "minecraft:crafting" recipes with output: <item:decorative_blocks_abnormals:maple_seat>"
[01:47:26.259][DONE][CLIENT][INFO] Removing "minecraft:crafting" recipes with output: <item:decorative_blocks_abnormals:maple_support>"
[01:47:26.260][DONE][CLIENT][INFO] Removing "minecraft:crafting" recipes with output: <item:decorative_blocks_abnormals:morado_seat>"
[01:47:26.260][DONE][CLIENT][INFO] Removing "minecraft:crafting" recipes with output: <item:decorative_blocks_abnormals:morado_support>"
[01:47:26.261][DONE][CLIENT][INFO] Removing "minecraft:crafting" recipes with output: <item:decorative_blocks_abnormals:poise_seat>"
[01:47:26.262][DONE][CLIENT][INFO] Removing "minecraft:crafting" recipes with output: <item:decorative_blocks_abnormals:poise_support>"
[01:47:26.263][DONE][CLIENT][INFO] Removing "minecraft:crafting" recipes with output: <item:decorative_blocks_abnormals:red_mushroom_seat>"
[01:47:26.263][DONE][CLIENT][INFO] Removing "minecraft:crafting" recipes with output: <item:decorative_blocks_abnormals:red_mushroom_support>"
[01:47:26.264][DONE][CLIENT][INFO] Removing "minecraft:crafting" recipes with output: <item:decorative_blocks_abnormals:river_seat>"
[01:47:26.265][DONE][CLIENT][INFO] Removing "minecraft:crafting" recipes with output: <item:decorative_blocks_abnormals:river_support>"
[01:47:26.266][DONE][CLIENT][INFO] Removing "minecraft:crafting" recipes with output: <item:decorative_blocks_abnormals:rosewood_seat>"
[01:47:26.267][DONE][CLIENT][INFO] Removing "minecraft:crafting" recipes with output: <item:decorative_blocks_abnormals:rosewood_support>"
[01:47:26.267][DONE][CLIENT][INFO] Removing "minecraft:crafting" recipes with output: <item:decorative_blocks_abnormals:yucca_seat>"
[01:47:26.268][DONE][CLIENT][INFO] Removing "minecraft:crafting" recipes with output: <item:decorative_blocks_abnormals:yucca_support>"
[01:47:26.269][DONE][CLIENT][INFO] Removing "minecraft:crafting" recipes with output: <item:decorative_blocks_abnormals:cherry_seat>"
[01:47:26.270][DONE][CLIENT][INFO] Removing "minecraft:crafting" recipes with output: <item:decorative_blocks_abnormals:cherry_support>"
[01:47:26.271][DONE][CLIENT][INFO] Removing "minecraft:crafting" recipes with output: <item:decorative_blocks_abnormals:cypress_seat>"
[01:47:26.271][DONE][CLIENT][INFO] Removing "minecraft:crafting" recipes with output: <item:decorative_blocks_abnormals:cypress_support>"
[01:47:26.272][DONE][CLIENT][INFO] Removing "minecraft:crafting" recipes with output: <item:decorative_blocks_abnormals:jacaranda_seat>"
[01:47:26.273][DONE][CLIENT][INFO] Removing "minecraft:crafting" recipes with output: <item:decorative_blocks_abnormals:jacaranda_support>"
[01:47:26.274][DONE][CLIENT][INFO] Removing "minecraft:crafting" recipes with output: <item:decorative_blocks_abnormals:redbud_seat>"
[01:47:26.275][DONE][CLIENT][INFO] Removing "minecraft:crafting" recipes with output: <item:decorative_blocks_abnormals:redbud_support>"
[01:47:26.275][DONE][CLIENT][INFO] Removing "minecraft:crafting" recipes with output: <item:decorative_blocks_abnormals:willow_seat>"
[01:47:26.276][DONE][CLIENT][INFO] Removing "minecraft:crafting" recipes with output: <item:decorative_blocks_abnormals:willow_support>"
[01:47:26.277][DONE][CLIENT][INFO] Removing "minecraft:crafting" recipes with output: <item:muchmoremodcompat:bamboo_seat>"
[01:47:26.278][DONE][CLIENT][INFO] Removing "minecraft:crafting" recipes with output: <item:muchmoremodcompat:bamboo_support>"
[01:47:26.278][DONE][CLIENT][INFO] Removing "minecraft:crafting" recipes with output: <item:muchmoremodcompat:glowshroom_seat>"
[01:47:26.279][DONE][CLIENT][INFO] Removing "minecraft:crafting" recipes with output: <item:muchmoremodcompat:glowshroom_support>"
[01:47:26.280][DONE][CLIENT][INFO] Removing "minecraft:crafting" recipes with output: <item:muchmoremodcompat:kousa_seat>"
[01:47:26.281][DONE][CLIENT][INFO] Removing "minecraft:crafting" recipes with output: <item:muchmoremodcompat:aspen_seat>"
[01:47:26.282][DONE][CLIENT][INFO] Removing "minecraft:crafting" recipes with output: <item:muchmoremodcompat:wisteria_seat>"
[01:47:26.282][DONE][CLIENT][INFO] Removing "minecraft:crafting" recipes with output: <item:muchmoremodcompat:grimwood_seat>"
[01:47:26.283][DONE][CLIENT][INFO] Removing "minecraft:crafting" recipes with output: <item:muchmoremodcompat:kousa_support>"
[01:47:26.284][DONE][CLIENT][INFO] Removing "minecraft:crafting" recipes with output: <item:muchmoremodcompat:aspen_support>"
[01:47:26.285][DONE][CLIENT][INFO] Removing "minecraft:crafting" recipes with output: <item:muchmoremodcompat:wisteria_support>"
[01:47:26.286][DONE][CLIENT][INFO] Removing "minecraft:crafting" recipes with output: <item:muchmoremodcompat:grimwood_support>"
[01:47:26.286][DONE][CLIENT][INFO] Removing "minecraft:crafting" recipes with output: <item:decorative_winter:acacia_thin_branch>"
[01:47:26.287][DONE][CLIENT][INFO] Removing "minecraft:crafting" recipes with output: <item:decorative_winter:birch_thin_branch>"
[01:47:26.288][DONE][CLIENT][INFO] Removing "minecraft:crafting" recipes with output: <item:decorative_winter:crimson_thin_branch>"
[01:47:26.289][DONE][CLIENT][INFO] Removing "minecraft:crafting" recipes with output: <item:decorative_winter:dark_oak_thin_branch>"
[01:47:26.290][DONE][CLIENT][INFO] Removing "minecraft:crafting" recipes with output: <item:decorative_winter:festive_chain>"
[01:47:26.290][DONE][CLIENT][INFO] Removing "minecraft:crafting" recipes with output: <item:decorative_winter:frosty_wand>"
[01:47:26.291][DONE][CLIENT][INFO] Removing "minecraft:crafting" recipes with output: <item:decorative_winter:jungle_thin_branch>"
[01:47:26.292][DONE][CLIENT][INFO] Removing "minecraft:crafting" recipes with output: <item:decorative_winter:oak_thin_branch>"
[01:47:26.293][DONE][CLIENT][INFO] Removing "minecraft:crafting" recipes with output: <item:decorative_winter:spruce_thin_branch>"
[01:47:26.294][DONE][CLIENT][INFO] Removing "minecraft:crafting" recipes with output: <item:decorative_winter:warped_thin_branch>"
[01:47:26.295][DONE][CLIENT][INFO] Removing "minecraft:crafting" recipes with output: <item:decorative_winter:wreath>"
[01:47:26.296][DONE][CLIENT][INFO] Removing "minecraft:crafting" recipes with output: <item:buzzier_bees:allium_scented_candle>"
[01:47:26.296][DONE][CLIENT][INFO] Removing "minecraft:crafting" recipes with output: <item:buzzier_bees:autumn_crocus_scented_candle>"
[01:47:26.297][DONE][CLIENT][INFO] Removing "minecraft:crafting" recipes with output: <item:buzzier_bees:azure_bluet_scented_candle>"
[01:47:26.298][DONE][CLIENT][INFO] Removing "minecraft:crafting" recipes with output: <item:buzzier_bees:blue_orchid_scented_candle>"
[01:47:26.299][DONE][CLIENT][INFO] Removing "minecraft:crafting" recipes with output: <item:buzzier_bees:bluebell_scented_candle>"
[01:47:26.300][DONE][CLIENT][INFO] Removing "minecraft:crafting" recipes with output: <item:buzzier_bees:buttercup_scented_candle>"
[01:47:26.301][DONE][CLIENT][INFO] Removing "minecraft:crafting" recipes with output: <item:buzzier_bees:cartwheel_scented_candle>"
[01:47:26.302][DONE][CLIENT][INFO] Removing "minecraft:crafting" recipes with output: <item:buzzier_bees:cornflower_scented_candle>"
[01:47:26.303][DONE][CLIENT][INFO] Removing "minecraft:crafting" recipes with output: <item:buzzier_bees:dandelion_scented_candle>"
[01:47:26.303][DONE][CLIENT][INFO] Removing "minecraft:crafting" recipes with output: <item:buzzier_bees:dianthus_scented_candle>"
[01:47:26.304][DONE][CLIENT][INFO] Removing "minecraft:crafting" recipes with output: <item:buzzier_bees:gilia_scented_candle>"
[01:47:26.305][DONE][CLIENT][INFO] Removing "minecraft:crafting" recipes with output: <item:buzzier_bees:hot_monkey_brush_scented_candle>"
[01:47:26.306][DONE][CLIENT][INFO] Removing "minecraft:crafting" recipes with output: <item:buzzier_bees:lily_of_the_valley_scented_candle>"
[01:47:26.307][DONE][CLIENT][INFO] Removing "minecraft:crafting" recipes with output: <item:buzzier_bees:magenta_hibiscus_scented_candle>"
[01:47:26.308][DONE][CLIENT][INFO] Removing "minecraft:crafting" recipes with output: <item:buzzier_bees:orange_hibiscus_scented_candle>"
[01:47:26.309][DONE][CLIENT][INFO] Removing "minecraft:crafting" recipes with output: <item:buzzier_bees:orange_tulip_scented_candle>"
[01:47:26.310][DONE][CLIENT][INFO] Removing "minecraft:crafting" recipes with output: <item:buzzier_bees:oxeye_daisy_scented_candle>"
[01:47:26.311][DONE][CLIENT][INFO] Removing "minecraft:crafting" recipes with output: <item:buzzier_bees:pink_clover_scented_candle>"
[01:47:26.313][DONE][CLIENT][INFO] Removing "minecraft:crafting" recipes with output: <item:buzzier_bees:pink_hibiscus_scented_candle>"
[01:47:26.314][DONE][CLIENT][INFO] Removing "minecraft:crafting" recipes with output: <item:buzzier_bees:pink_searocket_scented_candle>"
[01:47:26.315][DONE][CLIENT][INFO] Removing "minecraft:crafting" recipes with output: <item:buzzier_bees:pink_tulip_scented_candle>"
[01:47:26.316][DONE][CLIENT][INFO] Removing "minecraft:crafting" recipes with output: <item:buzzier_bees:poppy_scented_candle>"
[01:47:26.316][DONE][CLIENT][INFO] Removing "minecraft:crafting" recipes with output: <item:buzzier_bees:purple_hibiscus_scented_candle>"
[01:47:26.317][DONE][CLIENT][INFO] Removing "minecraft:crafting" recipes with output: <item:buzzier_bees:red_hibiscus_scented_candle>"
[01:47:26.318][DONE][CLIENT][INFO] Removing "minecraft:crafting" recipes with output: <item:buzzier_bees:red_lotus_flower_scented_candle>"
[01:47:26.319][DONE][CLIENT][INFO] Removing "minecraft:crafting" recipes with output: <item:buzzier_bees:red_tulip_scented_candle>"
[01:47:26.319][DONE][CLIENT][INFO] Removing "minecraft:crafting" recipes with output: <item:buzzier_bees:scalding_monkey_brush_scented_candle>"
[01:47:26.320][DONE][CLIENT][INFO] Removing "minecraft:crafting" recipes with output: <item:buzzier_bees:violet_scented_candle>"
[01:47:26.320][DONE][CLIENT][INFO] Removing "minecraft:crafting" recipes with output: <item:buzzier_bees:warm_monkey_brush_scented_candle>"
[01:47:26.321][DONE][CLIENT][INFO] Removing "minecraft:crafting" recipes with output: <item:buzzier_bees:water_hyacinth_scented_candle>"
[01:47:26.321][DONE][CLIENT][INFO] Removing "minecraft:crafting" recipes with output: <item:buzzier_bees:white_clover_scented_candle>"
[01:47:26.322][DONE][CLIENT][INFO] Removing "minecraft:crafting" recipes with output: <item:buzzier_bees:white_lotus_flower_scented_candle>"
[01:47:26.322][DONE][CLIENT][INFO] Removing "minecraft:crafting" recipes with output: <item:buzzier_bees:white_searocket_scented_candle>"
[01:47:26.323][DONE][CLIENT][INFO] Removing "minecraft:crafting" recipes with output: <item:buzzier_bees:white_tulip_scented_candle>"
[01:47:26.323][DONE][CLIENT][INFO] Removing "minecraft:crafting" recipes with output: <item:buzzier_bees:wither_rose_scented_candle>"
[01:47:26.324][DONE][CLIENT][INFO] Removing "minecraft:crafting" recipes with output: <item:buzzier_bees:yellow_hibiscus_scented_candle>"
[01:47:26.324][DONE][CLIENT][INFO] Removing "minecraft:crafting" recipes with output: <item:buzzier_bees:yucca_flower_scented_candle>"
[01:47:26.324][DONE][CLIENT][INFO] Removing "minecraft:crafting" recipes with output: <item:fish_in_planks:blobfish_barrel>"
[01:47:26.327][DONE][CLIENT][INFO] Removing: [blue_blossom_sapling] from tag: <tag:items:minecraft:saplings>
[01:47:26.327][DONE][CLIENT][INFO] Removing: [lavender_blossom_sapling] from tag: <tag:items:minecraft:saplings>
[01:47:26.327][DONE][CLIENT][INFO] Removing: [orange_blossom_sapling] from tag: <tag:items:minecraft:saplings>
[01:47:26.328][DONE][CLIENT][INFO] Removing: [pink_blossom_sapling] from tag: <tag:items:minecraft:saplings>
[01:47:26.328][DONE][CLIENT][INFO] Removing: [yellow_blossom_sapling] from tag: <tag:items:minecraft:saplings>
[01:47:26.328][DONE][CLIENT][INFO] Removing: [red_blossom_sapling] from tag: <tag:items:minecraft:saplings>
[01:47:26.328][DONE][CLIENT][INFO] Removing Villager trade for Profession: 'fisherman' and Level: '2'
[01:47:26.329][DONE][CLIENT][INFO] Removing Villager trade for Profession: 'fisherman' and Level: '2'
[01:47:26.329][DONE][CLIENT][INFO] Removing Villager trade for Profession: 'armorer' and Level: '2'
[01:47:26.329][DONE][CLIENT][INFO] Removing Villager trade for Profession: 'toolsmith' and Level: '2'
[01:47:26.329][DONE][CLIENT][INFO] Removing Villager trade for Profession: 'shepherd' and Level: '2'
[01:47:26.329][DONE][CLIENT][INFO] Removing Villager trade for Profession: 'mason' and Level: '1'
[01:47:26.329][DONE][CLIENT][INFO] Removing Villager trade for Profession: 'mason' and Level: '1'
[01:47:26.329][DONE][CLIENT][INFO] Removing "architects_palette:warping" recipes with output: <item:architects_palette:twisted_log>"
[01:47:26.330][DONE][CLIENT][INFO] Removing "architects_palette:warping" recipes with output: <item:architects_palette:twisted_sapling>"
[01:47:26.330][DONE][CLIENT][INFO] Removing "architects_palette:warping" recipes with output: <item:architects_palette:twisted_leaves>"
[01:47:26.330][DONE][CLIENT][INFO] Removing "architects_palette:warping" recipes with output: <item:architects_palette:twisted_planks>"
[01:47:26.330][DONE][CLIENT][INFO] Removing "minecraft:crafting" recipes with output: <item:supplementaries:hanging_sign_twisted>"
[01:47:26.332][DONE][CLIENT][INFO] Removing "minecraft:crafting" recipes with output: <item:supplementaries:sign_post_twisted>"
[01:47:26.332][DONE][CLIENT][INFO] Removing "minecraft:crafting" recipes with output: <item:architects_palette:twisted_vertical_slab>"
[01:47:26.333][DONE][CLIENT][INFO] Removing "minecraft:crafting" recipes with output: <item:architects_palette:twisted_planks>"
[01:47:26.333][DONE][CLIENT][INFO] Removing "minecraft:crafting" recipes with output: <item:architects_palette:twisted_slab>"
[01:47:26.334][DONE][CLIENT][INFO] Removing "minecraft:crafting" recipes with output: <item:architects_palette:twisted_stairs>"
[01:47:26.334][DONE][CLIENT][INFO] Removing "minecraft:crafting" recipes with output: <item:architects_palette:twisted_log>"
[01:47:26.335][DONE][CLIENT][INFO] Removing "minecraft:crafting" recipes with output: <item:architects_palette:twisted_wood>"
[01:47:26.335][DONE][CLIENT][INFO] Removing "minecraft:crafting" recipes with output: <item:architects_palette:stripped_twisted_log>"
[01:47:26.335][DONE][CLIENT][INFO] Removing "minecraft:crafting" recipes with output: <item:architects_palette:stripped_twisted_wood>"
[01:47:26.336][DONE][CLIENT][INFO] Removing "minecraft:crafting" recipes with output: <item:architects_palette:twisted_leaves>"
[01:47:26.336][DONE][CLIENT][INFO] Removing "minecraft:crafting" recipes with output: <item:architects_palette:twisted_fence>"
[01:47:26.337][DONE][CLIENT][INFO] Removing "minecraft:crafting" recipes with output: <item:architects_palette:twisted_sapling>"
[01:47:26.337][DONE][CLIENT][INFO] Removing "minecraft:crafting" recipes with output: <item:architects_palette:twisted_fence_gate>"
[01:47:26.338][DONE][CLIENT][INFO] Removing "minecraft:crafting" recipes with output: <item:architects_palette:twisted_door>"
[01:47:26.338][DONE][CLIENT][INFO] Removing "minecraft:crafting" recipes with output: <item:architects_palette:twisted_trapdoor>"
[01:47:26.339][DONE][CLIENT][INFO] Removing "minecraft:crafting" recipes with output: <item:architects_palette:twisted_button>"
[01:47:26.339][DONE][CLIENT][INFO] Removing "minecraft:crafting" recipes with output: <item:architects_palette:twisted_pressure_plate>"
[01:47:26.340][DONE][CLIENT][INFO] Removing "minecraft:crafting" recipes with output: <item:architects_palette:plating_vertical_slab>"
[01:47:26.340][DONE][CLIENT][INFO] Removing "minecraft:crafting" recipes with output: <item:architects_palette:plating_stairs>"
[01:47:26.341][DONE][CLIENT][INFO] Removing "minecraft:crafting" recipes with output: <item:architects_palette:plating_slab>"
[01:47:26.341][DONE][CLIENT][INFO] Removing "minecraft:crafting" recipes with output: <item:architects_palette:plating_block>"
[01:47:26.342][DONE][CLIENT][INFO] Removing "minecraft:crafting" recipes with output: <item:architects_palette:limestone_vertical_slab>"
[01:47:26.342][DONE][CLIENT][INFO] Removing "minecraft:crafting" recipes with output: <item:architects_palette:limestone_brick_vertical_slab>"
[01:47:26.343][DONE][CLIENT][INFO] Removing "minecraft:crafting" recipes with output: <item:architects_palette:mushy_limestone_brick_vertical_slab>"
[01:47:26.343][DONE][CLIENT][INFO] Removing "minecraft:crafting" recipes with output: <item:architects_palette:limestone>"
[01:47:26.344][DONE][CLIENT][INFO] Removing "minecraft:crafting" recipes with output: <item:architects_palette:limestone_slab>"
[01:47:26.344][DONE][CLIENT][INFO] Removing "minecraft:crafting" recipes with output: <item:architects_palette:limestone_stairs>"
[01:47:26.345][DONE][CLIENT][INFO] Removing "minecraft:crafting" recipes with output: <item:architects_palette:limestone_bricks>"
[01:47:26.345][DONE][CLIENT][INFO] Removing "minecraft:crafting" recipes with output: <item:architects_palette:limestone_brick_slab>"
[01:47:26.346][DONE][CLIENT][INFO] Removing "minecraft:crafting" recipes with output: <item:architects_palette:limestone_brick_stairs>"
[01:47:26.346][DONE][CLIENT][INFO] Removing "minecraft:crafting" recipes with output: <item:architects_palette:mushy_limestone_bricks>"
[01:47:26.347][DONE][CLIENT][INFO] Removing "minecraft:crafting" recipes with output: <item:architects_palette:mushy_limestone_brick_slab>"
[01:47:26.348][DONE][CLIENT][INFO] Removing "minecraft:crafting" recipes with output: <item:architects_palette:mushy_limestone_brick_stairs>"
[01:47:26.348][DONE][CLIENT][INFO] Removing "minecraft:crafting" recipes with output: <item:architects_palette:limestone_wall>"
[01:47:26.349][DONE][CLIENT][INFO] Removing "minecraft:crafting" recipes with output: <item:architects_palette:limestone_brick_wall>"
[01:47:26.349][DONE][CLIENT][INFO] Removing "minecraft:crafting" recipes with output: <item:architects_palette:mushy_limestone_brick_wall>"
[01:47:26.350][DONE][CLIENT][INFO] Removing "minecraft:crafting" recipes with output: <item:architects_palette:coal_ore_bricks>"
[01:47:26.350][DONE][CLIENT][INFO] Removing "minecraft:crafting" recipes with output: <item:architects_palette:coal_ore_brick_slab>"
[01:47:26.351][DONE][CLIENT][INFO] Removing "minecraft:crafting" recipes with output: <item:architects_palette:coal_ore_brick_stairs>"
[01:47:26.351][DONE][CLIENT][INFO] Removing "minecraft:crafting" recipes with output: <item:architects_palette:cracked_coal_ore_bricks>"
[01:47:26.352][DONE][CLIENT][INFO] Removing "minecraft:crafting" recipes with output: <item:architects_palette:lapis_ore_bricks>"
[01:47:26.352][DONE][CLIENT][INFO] Removing "minecraft:crafting" recipes with output: <item:architects_palette:lapis_ore_brick_slab>"
[01:47:26.353][DONE][CLIENT][INFO] Removing "minecraft:crafting" recipes with output: <item:architects_palette:lapis_ore_brick_stairs>"
[01:47:26.353][DONE][CLIENT][INFO] Removing "minecraft:crafting" recipes with output: <item:architects_palette:cracked_lapis_ore_bricks>"
[01:47:26.353][DONE][CLIENT][INFO] Removing "minecraft:crafting" recipes with output: <item:architects_palette:coal_ore_brick_vertical_slab>"
[01:47:26.354][DONE][CLIENT][INFO] Removing "minecraft:crafting" recipes with output: <item:architects_palette:lapis_ore_brick_vertical_slab>"
[01:47:26.354][DONE][CLIENT][INFO] Removing "minecraft:crafting" recipes with output: <item:architects_palette:redstone_ore_brick_vertical_slab>"
[01:47:26.355][DONE][CLIENT][INFO] Removing "minecraft:crafting" recipes with output: <item:architects_palette:iron_ore_brick_vertical_slab>"
[01:47:26.355][DONE][CLIENT][INFO] Removing "minecraft:crafting" recipes with output: <item:architects_palette:gold_ore_brick_vertical_slab>"
[01:47:26.355][DONE][CLIENT][INFO] Removing "minecraft:crafting" recipes with output: <item:architects_palette:emerald_ore_brick_vertical_slab>"
[01:47:26.356][DONE][CLIENT][INFO] Removing "minecraft:crafting" recipes with output: <item:architects_palette:diamond_ore_brick_vertical_slab>"
[01:47:26.356][DONE][CLIENT][INFO] Removing "minecraft:crafting" recipes with output: <item:architects_palette:redstone_ore_bricks>"
[01:47:26.356][DONE][CLIENT][INFO] Removing "minecraft:crafting" recipes with output: <item:architects_palette:redstone_ore_brick_slab>"
[01:47:26.357][DONE][CLIENT][INFO] Removing "minecraft:crafting" recipes with output: <item:architects_palette:redstone_ore_brick_stairs>"
[01:47:26.357][DONE][CLIENT][INFO] Removing "minecraft:crafting" recipes with output: <item:architects_palette:cracked_redstone_ore_bricks>"
[01:47:26.358][DONE][CLIENT][INFO] Removing "minecraft:crafting" recipes with output: <item:architects_palette:iron_ore_bricks>"
[01:47:26.358][DONE][CLIENT][INFO] Removing "minecraft:crafting" recipes with output: <item:architects_palette:iron_ore_brick_slab>"
[01:47:26.358][DONE][CLIENT][INFO] Removing "minecraft:crafting" recipes with output: <item:architects_palette:iron_ore_brick_stairs>"
[01:47:26.359][DONE][CLIENT][INFO] Removing "minecraft:crafting" recipes with output: <item:architects_palette:cracked_iron_ore_bricks>"
[01:47:26.359][DONE][CLIENT][INFO] Removing "minecraft:crafting" recipes with output: <item:architects_palette:gold_ore_bricks>"
[01:47:26.360][DONE][CLIENT][INFO] Removing "minecraft:crafting" recipes with output: <item:architects_palette:gold_ore_brick_slab>"
[01:47:26.360][DONE][CLIENT][INFO] Removing "minecraft:crafting" recipes with output: <item:architects_palette:gold_ore_brick_stairs>"
[01:47:26.360][DONE][CLIENT][INFO] Removing "minecraft:crafting" recipes with output: <item:architects_palette:cracked_gold_ore_bricks>"
[01:47:26.361][DONE][CLIENT][INFO] Removing "minecraft:crafting" recipes with output: <item:architects_palette:emerald_ore_bricks>"
[01:47:26.362][DONE][CLIENT][INFO] Removing "minecraft:crafting" recipes with output: <item:architects_palette:emerald_ore_brick_slab>"
[01:47:26.362][DONE][CLIENT][INFO] Removing "minecraft:crafting" recipes with output: <item:architects_palette:emerald_ore_brick_stairs>"
[01:47:26.363][DONE][CLIENT][INFO] Removing "minecraft:crafting" recipes with output: <item:architects_palette:cracked_emerald_ore_bricks>"
[01:47:26.363][DONE][CLIENT][INFO] Removing "minecraft:crafting" recipes with output: <item:architects_palette:diamond_ore_bricks>"
[01:47:26.364][DONE][CLIENT][INFO] Removing "minecraft:crafting" recipes with output: <item:architects_palette:diamond_ore_brick_slab>"
[01:47:26.364][DONE][CLIENT][INFO] Removing "minecraft:crafting" recipes with output: <item:architects_palette:diamond_ore_brick_stairs>"
[01:47:26.365][DONE][CLIENT][INFO] Removing "minecraft:crafting" recipes with output: <item:architects_palette:cracked_diamond_ore_bricks>"
[01:47:26.365][DONE][CLIENT][INFO] Removing "minecraft:crafting" recipes with output: <item:architects_palette:coal_ore_brick_wall>"
[01:47:26.366][DONE][CLIENT][INFO] Removing "minecraft:crafting" recipes with output: <item:architects_palette:lapis_ore_brick_wall>"
[01:47:26.367][DONE][CLIENT][INFO] Removing "minecraft:crafting" recipes with output: <item:architects_palette:redstone_ore_brick_wall>"
[01:47:26.367][DONE][CLIENT][INFO] Removing "minecraft:crafting" recipes with output: <item:architects_palette:iron_ore_brick_wall>"
[01:47:26.367][DONE][CLIENT][INFO] Removing "minecraft:crafting" recipes with output: <item:architects_palette:gold_ore_brick_wall>"
[01:47:26.368][DONE][CLIENT][INFO] Removing "minecraft:crafting" recipes with output: <item:architects_palette:emerald_ore_brick_wall>"
[01:47:26.368][DONE][CLIENT][INFO] Removing "minecraft:crafting" recipes with output: <item:architects_palette:diamond_ore_brick_wall>"
[01:47:26.369][DONE][CLIENT][INFO] Removing "minecraft:crafting" recipes with output: <item:architects_palette:weeping_blackstone>"
[01:47:26.369][DONE][CLIENT][INFO] Removing "minecraft:crafting" recipes with output: <item:architects_palette:twisting_blackstone>"
[01:47:26.369][DONE][CLIENT][INFO] Removing "minecraft:crafting" recipes with output: <item:architects_palette:weeping_blackstone_bricks>"
[01:47:26.370][DONE][CLIENT][INFO] Removing "minecraft:crafting" recipes with output: <item:architects_palette:twisting_blackstone_bricks>"
[01:47:26.370][DONE][CLIENT][INFO] Removing "minecraft:crafting" recipes with output: <item:architects_palette:cracked_end_stone_bricks>"
[01:47:26.371][DONE][CLIENT][INFO] Removing "minecraft:crafting" recipes with output: <item:architects_palette:chiseled_end_stone_bricks>"
[01:47:26.371][DONE][CLIENT][INFO] Removing "minecraft:crafting" recipes with output: <item:architects_palette:molten_nether_bricks>"
[01:47:26.371][DONE][CLIENT][INFO] Removing "minecraft:crafting" recipes with output: <item:architects_palette:ender_pearl_block>"
[01:47:26.372][DONE][CLIENT][INFO] Removing "minecraft:crafting" recipe with name: "architects_palette:ender_pearl_from_block"
[01:47:26.372][DONE][CLIENT][INFO] Removing "minecraft:crafting" recipes with output: <item:architects_palette:plating_wall>"
[01:47:26.372][DONE][CLIENT][INFO] Removing "minecraft:crafting" recipes with output: <item:architects_palette:redstone_cage_lantern>"
[01:47:26.373][DONE][CLIENT][INFO] Removing "minecraft:crafting" recipes with output: <item:architects_palette:glowstone_cage_lantern>"
[01:47:26.373][DONE][CLIENT][INFO] Removing "minecraft:crafting" recipes with output: <item:architects_palette:algal_cage_lantern>"
[01:47:26.373][DONE][CLIENT][INFO] Removing "minecraft:crafting" recipes with output: <item:architects_palette:scute_block>"
[01:47:26.374][DONE][CLIENT][INFO] Removing "minecraft:crafting" recipes with output: <item:infernalexp:polished_basalt_tiles>"
[01:47:26.374][DONE][CLIENT][INFO] Removing "minecraft:crafting" recipes with output: <item:infernalexp:polished_basalt_tiles_slab>"
[01:47:26.374][DONE][CLIENT][INFO] Removing "minecraft:crafting" recipes with output: <item:infernalexp:polished_basalt_tiles_vertical_slab>"
[01:47:26.375][DONE][CLIENT][INFO] Removing "minecraft:stonecutting" recipes with output: <item:infernalexp:polished_basalt_tiles>"
[01:47:26.376][DONE][CLIENT][INFO] Removing "minecraft:crafting" recipes with output: <item:infernalexp:basalt_cobbled_slab>"
[01:47:26.377][DONE][CLIENT][INFO] Removing "minecraft:crafting" recipes with output: <item:infernalexp:basalt_cobbled_vertical_slab>"
[01:47:26.378][DONE][CLIENT][INFO] Removing "minecraft:smelting" recipes with output: <item:infernalexp:basalt_cobbled>"
[01:47:26.378][DONE][CLIENT][INFO] Removing "minecraft:smelting" recipes with output: <item:charm:smooth_glowstone>"
[01:47:26.378][DONE][CLIENT][INFO] Removing "minecraft:crafting" recipes with output: <item:storagedrawers:acacia_full_drawers_1>"
[01:47:26.378][DONE][CLIENT][INFO] Removing "minecraft:crafting" recipes with output: <item:storagedrawers:acacia_full_drawers_2>"
[01:47:26.379][DONE][CLIENT][INFO] Removing "minecraft:crafting" recipes with output: <item:storagedrawers:acacia_full_drawers_4>"
[01:47:26.379][DONE][CLIENT][INFO] Removing "minecraft:crafting" recipes with output: <item:storagedrawers:acacia_half_drawers_1>"
[01:47:26.380][DONE][CLIENT][INFO] Removing "minecraft:crafting" recipes with output: <item:storagedrawers:acacia_half_drawers_2>"
[01:47:26.380][DONE][CLIENT][INFO] Removing "minecraft:crafting" recipes with output: <item:storagedrawers:acacia_half_drawers_4>"
[01:47:26.380][DONE][CLIENT][INFO] Removing "minecraft:crafting" recipes with output: <item:storagedrawers:acacia_trim>"
[01:47:26.381][DONE][CLIENT][INFO] Removing "minecraft:crafting" recipes with output: <item:storagedrawers:birch_full_drawers_1>"
[01:47:26.381][DONE][CLIENT][INFO] Removing "minecraft:crafting" recipes with output: <item:storagedrawers:birch_full_drawers_2>"
[01:47:26.381][DONE][CLIENT][INFO] Removing "minecraft:crafting" recipes with output: <item:storagedrawers:birch_full_drawers_4>"
[01:47:26.382][DONE][CLIENT][INFO] Removing "minecraft:crafting" recipes with output: <item:storagedrawers:birch_half_drawers_1>"
[01:47:26.382][DONE][CLIENT][INFO] Removing "minecraft:crafting" recipes with output: <item:storagedrawers:birch_half_drawers_2>"
[01:47:26.383][DONE][CLIENT][INFO] Removing "minecraft:crafting" recipes with output: <item:storagedrawers:birch_half_drawers_4>"
[01:47:26.383][DONE][CLIENT][INFO] Removing "minecraft:crafting" recipes with output: <item:storagedrawers:birch_trim>"
[01:47:26.383][DONE][CLIENT][INFO] Removing "minecraft:crafting" recipes with output: <item:storagedrawers:compacting_drawers_3>"
[01:47:26.384][DONE][CLIENT][INFO] Removing "minecraft:crafting" recipes with output: <item:storagedrawers:controller>"
[01:47:26.384][DONE][CLIENT][INFO] Removing "minecraft:crafting" recipes with output: <item:storagedrawers:controller_slave>"
[01:47:26.385][DONE][CLIENT][INFO] Removing "minecraft:crafting" recipes with output: <item:storagedrawers:conversion_upgrade>"
[01:47:26.385][DONE][CLIENT][INFO] Removing "minecraft:crafting" recipes with output: <item:storagedrawers:creative_storage_upgrade>"
[01:47:26.385][DONE][CLIENT][INFO] Removing "minecraft:crafting" recipes with output: <item:storagedrawers:creative_vending_upgrade>"
[01:47:26.386][DONE][CLIENT][INFO] Removing "minecraft:crafting" recipes with output: <item:storagedrawers:dark_oak_full_drawers_1>"
[01:47:26.386][DONE][CLIENT][INFO] Removing "minecraft:crafting" recipes with output: <item:storagedrawers:dark_oak_full_drawers_2>"
[01:47:26.387][DONE][CLIENT][INFO] Removing "minecraft:crafting" recipes with output: <item:storagedrawers:dark_oak_full_drawers_4>"
[01:47:26.387][DONE][CLIENT][INFO] Removing "minecraft:crafting" recipes with output: <item:storagedrawers:dark_oak_half_drawers_1>"
[01:47:26.387][DONE][CLIENT][INFO] Removing "minecraft:crafting" recipes with output: <item:storagedrawers:dark_oak_half_drawers_2>"
[01:47:26.388][DONE][CLIENT][INFO] Removing "minecraft:crafting" recipes with output: <item:storagedrawers:dark_oak_half_drawers_4>"
[01:47:26.388][DONE][CLIENT][INFO] Removing "minecraft:crafting" recipes with output: <item:storagedrawers:dark_oak_trim>"
[01:47:26.388][DONE][CLIENT][INFO] Removing "minecraft:crafting" recipes with output: <item:storagedrawers:diamond_storage_upgrade>"
[01:47:26.389][DONE][CLIENT][INFO] Removing "minecraft:crafting" recipes with output: <item:storagedrawers:drawer_key>"
[01:47:26.389][DONE][CLIENT][INFO] Removing "minecraft:crafting" recipes with output: <item:storagedrawers:emerald_storage_upgrade>"
[01:47:26.389][DONE][CLIENT][INFO] Removing "minecraft:crafting" recipes with output: <item:storagedrawers:gold_storage_upgrade>"
[01:47:26.390][DONE][CLIENT][INFO] Removing "minecraft:crafting" recipes with output: <item:storagedrawers:illumination_upgrade>"
[01:47:26.390][DONE][CLIENT][INFO] Removing "minecraft:crafting" recipes with output: <item:storagedrawers:iron_storage_upgrade>"
[01:47:26.391][DONE][CLIENT][INFO] Removing "minecraft:crafting" recipes with output: <item:storagedrawers:jungle_full_drawers_1>"
[01:47:26.391][DONE][CLIENT][INFO] Removing "minecraft:crafting" recipes with output: <item:storagedrawers:jungle_full_drawers_2>"
[01:47:26.392][DONE][CLIENT][INFO] Removing "minecraft:crafting" recipes with output: <item:storagedrawers:jungle_full_drawers_4>"
[01:47:26.392][DONE][CLIENT][INFO] Removing "minecraft:crafting" recipes with output: <item:storagedrawers:jungle_half_drawers_1>"
[01:47:26.392][DONE][CLIENT][INFO] Removing "minecraft:crafting" recipes with output: <item:storagedrawers:jungle_half_drawers_2>"
[01:47:26.393][DONE][CLIENT][INFO] Removing "minecraft:crafting" recipes with output: <item:storagedrawers:jungle_half_drawers_4>"
[01:47:26.393][DONE][CLIENT][INFO] Removing "minecraft:crafting" recipes with output: <item:storagedrawers:jungle_trim>"
[01:47:26.393][DONE][CLIENT][INFO] Removing "minecraft:crafting" recipes with output: <item:storagedrawers:max_redstone_upgrade>"
[01:47:26.394][DONE][CLIENT][INFO] Removing "minecraft:crafting" recipes with output: <item:storagedrawers:min_redstone_upgrade>"
[01:47:26.394][DONE][CLIENT][INFO] Removing "minecraft:crafting" recipes with output: <item:storagedrawers:oak_full_drawers_2>"
[01:47:26.395][DONE][CLIENT][INFO] Removing "minecraft:crafting" recipes with output: <item:storagedrawers:oak_full_drawers_4>"
[01:47:26.395][DONE][CLIENT][INFO] Removing "minecraft:crafting" recipes with output: <item:storagedrawers:oak_half_drawers_1>"
[01:47:26.395][DONE][CLIENT][INFO] Removing "minecraft:crafting" recipes with output: <item:storagedrawers:oak_half_drawers_2>"
[01:47:26.396][DONE][CLIENT][INFO] Removing "minecraft:crafting" recipes with output: <item:storagedrawers:oak_half_drawers_4>"
[01:47:26.396][DONE][CLIENT][INFO] Removing "minecraft:crafting" recipes with output: <item:storagedrawers:oak_trim>"
[01:47:26.397][DONE][CLIENT][INFO] Removing "minecraft:crafting" recipes with output: <item:storagedrawers:obsidian_storage_upgrade>"
[01:47:26.397][DONE][CLIENT][INFO] Removing "minecraft:crafting" recipes with output: <item:storagedrawers:one_stack_upgrade>"
[01:47:26.397][DONE][CLIENT][INFO] Removing "minecraft:crafting" recipes with output: <item:storagedrawers:quantify_key>"
[01:47:26.398][DONE][CLIENT][INFO] Removing "minecraft:crafting" recipes with output: <item:storagedrawers:redstone_upgrade>"
[01:47:26.398][DONE][CLIENT][INFO] Removing "minecraft:crafting" recipes with output: <item:storagedrawers:shroud_key>"
[01:47:26.399][DONE][CLIENT][INFO] Removing "minecraft:crafting" recipes with output: <item:storagedrawers:spruce_full_drawers_1>"
[01:47:26.399][DONE][CLIENT][INFO] Removing "minecraft:crafting" recipes with output: <item:storagedrawers:spruce_full_drawers_2>"
[01:47:26.399][DONE][CLIENT][INFO] Removing "minecraft:crafting" recipes with output: <item:storagedrawers:spruce_full_drawers_4>"
[01:47:26.400][DONE][CLIENT][INFO] Removing "minecraft:crafting" recipes with output: <item:storagedrawers:spruce_half_drawers_1>"
[01:47:26.400][DONE][CLIENT][INFO] Removing "minecraft:crafting" recipes with output: <item:storagedrawers:spruce_half_drawers_2>"
[01:47:26.401][DONE][CLIENT][INFO] Removing "minecraft:crafting" recipes with output: <item:storagedrawers:spruce_half_drawers_4>"
[01:47:26.401][DONE][CLIENT][INFO] Removing "minecraft:crafting" recipes with output: <item:storagedrawers:spruce_trim>"
[01:47:26.402][DONE][CLIENT][INFO] Removing "minecraft:crafting" recipes with output: <item:storagedrawers:upgrade_template>"
[01:47:26.402][DONE][CLIENT][INFO] Removing "minecraft:crafting" recipes with output: <item:storagedrawers:void_upgrade>"
[01:47:26.402][DONE][CLIENT][INFO] Removing "minecraft:crafting" recipes with output: <item:storagedrawers:fill_level_upgrade>"
[01:47:26.403][DONE][CLIENT][INFO] Removing "minecraft:crafting" recipes with output: <item:storagedrawers:crimson_full_drawers_1>"
[01:47:26.403][DONE][CLIENT][INFO] Removing "minecraft:crafting" recipes with output: <item:storagedrawers:crimson_full_drawers_2>"
[01:47:26.403][DONE][CLIENT][INFO] Removing "minecraft:crafting" recipes with output: <item:storagedrawers:crimson_full_drawers_4>"
[01:47:26.404][DONE][CLIENT][INFO] Removing "minecraft:crafting" recipes with output: <item:storagedrawers:crimson_half_drawers_1>"
[01:47:26.404][DONE][CLIENT][INFO] Removing "minecraft:crafting" recipes with output: <item:storagedrawers:crimson_half_drawers_2>"
[01:47:26.404][DONE][CLIENT][INFO] Removing "minecraft:crafting" recipes with output: <item:storagedrawers:crimson_half_drawers_4>"
[01:47:26.405][DONE][CLIENT][INFO] Removing "minecraft:crafting" recipes with output: <item:storagedrawers:crimson_trim>"
[01:47:26.405][DONE][CLIENT][INFO] Removing "minecraft:crafting" recipes with output: <item:storagedrawers:warped_full_drawers_1>"
[01:47:26.405][DONE][CLIENT][INFO] Removing "minecraft:crafting" recipes with output: <item:storagedrawers:warped_full_drawers_2>"
[01:47:26.406][DONE][CLIENT][INFO] Removing "minecraft:crafting" recipes with output: <item:storagedrawers:warped_full_drawers_4>"
[01:47:26.406][DONE][CLIENT][INFO] Removing "minecraft:crafting" recipes with output: <item:storagedrawers:warped_half_drawers_1>"
[01:47:26.407][DONE][CLIENT][INFO] Removing "minecraft:crafting" recipes with output: <item:storagedrawers:warped_half_drawers_2>"
[01:47:26.407][DONE][CLIENT][INFO] Removing "minecraft:crafting" recipes with output: <item:storagedrawers:warped_half_drawers_4>"
[01:47:26.407][DONE][CLIENT][INFO] Removing "minecraft:crafting" recipes with output: <item:storagedrawers:warped_trim>"
[01:47:26.408][DONE][CLIENT][INFO] Removing "minecraft:crafting" recipes with output: <item:supplementaries:cage>"
[01:47:26.408][DONE][CLIENT][INFO] Removing "minecraft:crafting" recipes with output: <item:supplementaries:candle_holder>"
[01:47:26.408][DONE][CLIENT][INFO] Removing "minecraft:crafting" recipes with output: <item:supplementaries:checker_block>"
[01:47:26.409][DONE][CLIENT][INFO] Removing "minecraft:crafting" recipes with output: <item:supplementaries:checker_slab>"
[01:47:26.409][DONE][CLIENT][INFO] Removing "minecraft:crafting" recipes with output: <item:supplementaries:checker_vertical_slab>"
[01:47:26.409][DONE][CLIENT][INFO] Removing "minecraft:crafting" recipes with output: <item:supplementaries:cog_block>"
[01:47:26.410][DONE][CLIENT][INFO] Removing "minecraft:crafting" recipes with output: <item:supplementaries:copper_lantern>"
[01:47:26.410][DONE][CLIENT][INFO] Removing "minecraft:crafting" recipes with output: <item:supplementaries:firefly_spawn_egg>"
[01:47:26.411][DONE][CLIENT][INFO] Removing "minecraft:crafting" recipes with output: <item:supplementaries:flax>"
[01:47:26.411][DONE][CLIENT][INFO] Removing "minecraft:crafting" recipes with output: <item:supplementaries:flax_seeds>"
[01:47:26.411][DONE][CLIENT][INFO] Removing "minecraft:crafting" recipes with output: <item:supplementaries:fodder>"
[01:47:26.412][DONE][CLIENT][INFO] Removing "minecraft:crafting" recipes with output: <item:supplementaries:hanging_sign_twisted>"
[01:47:26.412][DONE][CLIENT][INFO] Removing "minecraft:crafting" recipes with output: <item:supplementaries:lock_block>"
[01:47:26.412][DONE][CLIENT][INFO] Removing "minecraft:crafting" recipes with output: <item:supplementaries:magma_cream_block>"
[01:47:26.413][DONE][CLIENT][INFO] Removing "minecraft:crafting" recipes with output: <item:supplementaries:rope>"
[01:47:26.413][DONE][CLIENT][INFO] Removing "minecraft:crafting" recipes with output: <item:supplementaries:sign_post_twisted>"
[01:47:26.414][DONE][CLIENT][INFO] Removing "minecraft:crafting" recipes with output: <item:supplementaries:soul_jar>"
[01:47:26.414][DONE][CLIENT][INFO] Removing "minecraft:crafting" recipes with output: <item:supplementaries:speaker_block>"
[01:47:26.414][DONE][CLIENT][INFO] Removing "minecraft:crafting" recipes with output: <item:supplementaries:stone_lamp>"
[01:47:26.415][DONE][CLIENT][INFO] Removing "minecraft:crafting" recipes with output: <item:supplementaries:timber_brace>"
[01:47:26.415][DONE][CLIENT][INFO] Removing "minecraft:crafting" recipes with output: <item:supplementaries:timber_cross_brace>"
[01:47:26.416][DONE][CLIENT][INFO] Removing "minecraft:crafting" recipes with output: <item:supplementaries:timber_frame>"
[01:47:26.416][DONE][CLIENT][INFO] Removing "minecraft:crafting" recipes with output: <item:supplementaries:flint_block>"
[01:47:26.416][DONE][CLIENT][INFO] Removing "minecraft:crafting" recipes with output: <item:supplementaries:feather_block>"
[01:47:26.417][DONE][CLIENT][INFO] Removing "minecraft:smelting" recipes with output: <item:charm:refined_obsidian>"
[01:47:26.417][DONE][CLIENT][INFO] Removing "minecraft:crafting" recipes with output: <item:charm:refined_obsidian_stairs>"
[01:47:26.417][DONE][CLIENT][INFO] Removing "minecraft:crafting" recipes with output: <item:charm:refined_obsidian_slab>"
[01:47:26.418][DONE][CLIENT][INFO] Removing "minecraft:crafting" recipes with output: <item:charm:refined_obsidian_wall>"
[01:47:26.418][DONE][CLIENT][INFO] Removing "minecraft:stonecutting" recipes with output: <item:charm:refined_obsidian_stairs>"
[01:47:26.418][DONE][CLIENT][INFO] Removing "minecraft:stonecutting" recipes with output: <item:charm:refined_obsidian_slab>"
[01:47:26.419][DONE][CLIENT][INFO] Removing "minecraft:stonecutting" recipes with output: <item:charm:refined_obsidian_wall>"
[01:47:26.419][DONE][CLIENT][INFO] Removing: [full_tatami_mat] from tag: <tag:items:minecraft:carpets>
[01:47:26.419][DONE][CLIENT][INFO] Removing: [half_tatami_mat] from tag: <tag:items:minecraft:carpets>
[01:47:26.419][DONE][CLIENT][INFO] Removing Wandering Trader trade for Level: '1'
[01:47:26.419][DONE][CLIENT][INFO] Removing "minecraft:smelting" recipes with output: <item:decorative_winter:oak_thin_branch>"
[01:47:26.420][DONE][CLIENT][INFO] Removing "minecraft:smelting" recipes with output: <item:decorative_winter:birch_thin_branch>"
[01:47:26.420][DONE][CLIENT][INFO] Removing "minecraft:smelting" recipes with output: <item:decorative_winter:spruce_thin_branch>"
[01:47:26.420][DONE][CLIENT][INFO] Removing "minecraft:smelting" recipes with output: <item:decorative_winter:acacia_thin_branch>"
[01:47:26.420][DONE][CLIENT][INFO] Removing "minecraft:smelting" recipes with output: <item:decorative_winter:jungle_thin_branch>"
[01:47:26.420][DONE][CLIENT][INFO] Removing "minecraft:smelting" recipes with output: <item:decorative_winter:dark_oak_thin_branch>"
[01:47:26.420][DONE][CLIENT][INFO] Removing "minecraft:campfire_cooking" recipes with output: <item:decorative_winter:oak_thin_branch>"
[01:47:26.420][DONE][CLIENT][INFO] Removing "minecraft:campfire_cooking" recipes with output: <item:decorative_winter:birch_thin_branch>"
[01:47:26.420][DONE][CLIENT][INFO] Removing "minecraft:campfire_cooking" recipes with output: <item:decorative_winter:spruce_thin_branch>"
[01:47:26.420][DONE][CLIENT][INFO] Removing "minecraft:campfire_cooking" recipes with output: <item:decorative_winter:acacia_thin_branch>"
[01:47:26.420][DONE][CLIENT][INFO] Removing "minecraft:campfire_cooking" recipes with output: <item:decorative_winter:jungle_thin_branch>"
[01:47:26.421][DONE][CLIENT][INFO] Removing "minecraft:campfire_cooking" recipes with output: <item:decorative_winter:dark_oak_thin_branch>"
[01:47:26.421][DONE][CLIENT][INFO] Removing "minecraft:smoking" recipes with output: <item:decorative_winter:oak_thin_branch>"
[01:47:26.421][DONE][CLIENT][INFO] Removing "minecraft:smoking" recipes with output: <item:decorative_winter:birch_thin_branch>"
[01:47:26.421][DONE][CLIENT][INFO] Removing "minecraft:smoking" recipes with output: <item:decorative_winter:spruce_thin_branch>"
[01:47:26.421][DONE][CLIENT][INFO] Removing "minecraft:smoking" recipes with output: <item:decorative_winter:acacia_thin_branch>"
[01:47:26.421][DONE][CLIENT][INFO] Removing "minecraft:smoking" recipes with output: <item:decorative_winter:jungle_thin_branch>"
[01:47:26.421][DONE][CLIENT][INFO] Removing "minecraft:smoking" recipes with output: <item:decorative_winter:dark_oak_thin_branch>"
[01:47:26.432][DONE][CLIENT][INFO] Removing "minecraft:crafting" recipe with name: "minecraft:lead"
[01:47:26.432][DONE][CLIENT][INFO] Removing "minecraft:crafting" recipe with name: "minecraft:painting"
[01:47:26.432][DONE][CLIENT][INFO] Removing "minecraft:crafting" recipe with name: "minecraft:scaffolding"
[01:47:26.432][DONE][CLIENT][INFO] Removing "minecraft:crafting" recipe with name: "alexsmobs:sopa_de_macaco"
[01:47:26.432][DONE][CLIENT][INFO] Removing "minecraft:crafting" recipe with name: "farmersdelight:rope"
[01:47:26.435][DONE][CLIENT][INFO] Adding "minecraft:crafting" recipe, of type: "shaped", with name: "crafttweaker:koi_barrel_fix" that outputs: <item:fish_in_planks:koi_barrel>.mutable()
[01:47:26.435][DONE][CLIENT][INFO] Removing "minecraft:crafting" recipes with output: <item:minecraft:ender_eye>"
[01:47:26.437][DONE][CLIENT][INFO] Adding "minecraft:crafting" recipe, of type: "shapeless", with name: "crafttweaker:cool_ender_eye" that outputs: <item:minecraft:ender_eye>.mutable()
[01:47:26.437][DONE][CLIENT][INFO] Removing "minecraft:crafting" recipes with output: <item:structuredcrafting:structured_crafter>"
[01:47:26.438][DONE][CLIENT][INFO] Adding "minecraft:crafting" recipe, of type: "shaped", with name: "crafttweaker:post_end_crafter" that outputs: <item:structuredcrafting:structured_crafter>.mutable()
[01:47:26.438][DONE][CLIENT][INFO] Removing "minecraft:crafting" recipes with output: <item:supplementaries:sack>"
[01:47:26.439][DONE][CLIENT][INFO] Adding "minecraft:crafting" recipe, of type: "shaped", with name: "crafttweaker:canvas_sack" that outputs: <item:supplementaries:sack>.mutable()
[01:47:26.439][DONE][CLIENT][INFO] Removing "minecraft:crafting" recipes with output: <item:supplementaries:planter>"
[01:47:26.440][DONE][CLIENT][INFO] Adding "minecraft:crafting" recipe, of type: "shaped", with name: "crafttweaker:organic_planter" that outputs: <item:supplementaries:planter>.mutable()
[01:47:26.440][DONE][CLIENT][INFO] Removing "minecraft:crafting" recipes with output: <item:supplementaries:spring_launcher>"
[01:47:26.441][DONE][CLIENT][INFO] Adding "minecraft:crafting" recipe, of type: "shaped", with name: "crafttweaker:boof_launcher" that outputs: <item:supplementaries:spring_launcher>.mutable()
[01:47:26.441][DONE][CLIENT][INFO] Adding "minecraft:crafting" recipe, of type: "shapeless", with name: "crafttweaker:kousa" that outputs: <item:atmospheric:kousa_sapling>.mutable()
[01:47:26.441][DONE][CLIENT][INFO] Adding "minecraft:crafting" recipe, of type: "shapeless", with name: "crafttweaker:aspen" that outputs: <item:atmospheric:aspen_sapling>.mutable()
[01:47:26.441][DONE][CLIENT][INFO] Adding "minecraft:crafting" recipe, of type: "shapeless", with name: "crafttweaker:grimwood" that outputs: <item:atmospheric:grimwood_sapling>.mutable()
[01:47:26.441][DONE][CLIENT][INFO] Removing "minecraft:crafting" recipes with output: <item:quark:glowing_glass_item_frame>"
[01:47:26.442][DONE][CLIENT][INFO] Adding "minecraft:crafting" recipe, of type: "shapeless", with name: "crafttweaker:glowink_to_frame" that outputs: <item:quark:glowing_glass_item_frame>.mutable()
[01:47:26.442][DONE][CLIENT][INFO] Adding "minecraft:crafting" recipe, of type: "shapeless", with name: "crafttweaker:banana_but_not_a_pain" that outputs: <item:neapolitan:banana> * 2.mutable()
[01:47:26.442][DONE][CLIENT][INFO] Adding Wandering Trader trade for Level: '1'
[01:47:26.442][DONE][CLIENT][INFO] Adding Wandering Trader trade for Level: '1'
[01:47:26.442][DONE][CLIENT][INFO] Adding Wandering Trader trade for Level: '1'
[01:47:26.442][DONE][CLIENT][INFO] Adding Wandering Trader trade for Level: '1'
[01:47:26.442][DONE][CLIENT][INFO] Adding "minecraft:crafting" recipe, of type: "shapeless", with name: "crafttweaker:ochre_mimic" that outputs: <item:upgrade_aquatic:ochre_kelp>.mutable()
[01:47:26.442][DONE][CLIENT][INFO] Adding "minecraft:crafting" recipe, of type: "shapeless", with name: "crafttweaker:polar_mimic" that outputs: <item:upgrade_aquatic:polar_kelp>.mutable()
[01:47:26.442][DONE][CLIENT][INFO] Adding "minecraft:crafting" recipe, of type: "shapeless", with name: "crafttweaker:thorny_mimic" that outputs: <item:upgrade_aquatic:thorny_kelp>.mutable()
[01:47:26.443][DONE][CLIENT][INFO] Adding "minecraft:crafting" recipe, of type: "shapeless", with name: "crafttweaker:tongue_mimic" that outputs: <item:upgrade_aquatic:tongue_kelp>.mutable()
[01:47:26.443][DONE][CLIENT][INFO] Removing "minecraft:crafting" recipes with output: <item:alexsmobs:animal_dictionary>"
[01:47:26.443][DONE][CLIENT][INFO] Adding "minecraft:crafting" recipe, of type: "shapeless", with name: "crafttweaker:animal_dictionary_any" that outputs: <item:alexsmobs:animal_dictionary>.mutable()
[01:47:26.443][DONE][CLIENT][INFO] Adding "minecraft:crafting" recipe, of type: "shapeless", with name: "crafttweaker:clay_reversion" that outputs: <item:minecraft:clay_ball> * 4.mutable()
[01:47:26.443][DONE][CLIENT][INFO] Adding "minecraft:crafting" recipe, of type: "shapeless", with name: "crafttweaker:globe_pattern" that outputs: <item:minecraft:globe_banner_pattern>.mutable()
[01:47:26.444][DONE][CLIENT][INFO] Adding "minecraft:crafting" recipe, of type: "shapeless", with name: "crafttweaker:tater" that outputs: <item:skinnedlanterns:tiny_potato_lantern_block>.mutable()
[01:47:26.444][DONE][CLIENT][INFO] Adding "minecraft:crafting" recipe, of type: "shapeless", with name: "crafttweaker:tater_soul" that outputs: <item:skinnedlanterns:tiny_potato_soul_lantern_block>.mutable()
[01:47:26.444][DONE][CLIENT][INFO] Removing "minecraft:crafting" recipes with output: <item:supplementaries:candelabra>"
[01:47:26.444][DONE][CLIENT][INFO] Adding "minecraft:crafting" recipe, of type: "shaped", with name: "crafttweaker:candelabra_candles" that outputs: <item:supplementaries:candelabra>.mutable()
[01:47:26.444][DONE][CLIENT][INFO] Adding "minecraft:crafting" recipe, of type: "shapeless", with name: "crafttweaker:recycle_paraglider" that outputs: <item:farmersdelight:canvas> * 4.mutable()
[01:47:26.444][DONE][CLIENT][INFO] Removing "minecraft:crafting" recipes with output: <item:farsight_spyglasses:spyglass>"
[01:47:26.445][DONE][CLIENT][INFO] Adding "minecraft:crafting" recipe, of type: "shaped", with name: "crafttweaker:spyglass_crystals" that outputs: <item:farsight_spyglasses:spyglass>.mutable()
[01:47:26.445][DONE][CLIENT][INFO] Removing "minecraft:stonecutting" recipes with output: <item:architects_palette:chiseled_coal_ore_bricks>"
[01:47:26.446][DONE][CLIENT][INFO] Removing "minecraft:stonecutting" recipes with output: <item:architects_palette:chiseled_lapis_ore_bricks>"
[01:47:26.446][DONE][CLIENT][INFO] Removing "minecraft:stonecutting" recipes with output: <item:architects_palette:chiseled_redstone_ore_bricks>"
[01:47:26.446][DONE][CLIENT][INFO] Removing "minecraft:stonecutting" recipes with output: <item:architects_palette:chiseled_iron_ore_bricks>"
[01:47:26.446][DONE][CLIENT][INFO] Removing "minecraft:stonecutting" recipes with output: <item:architects_palette:chiseled_gold_ore_bricks>"
[01:47:26.446][DONE][CLIENT][INFO] Removing "minecraft:stonecutting" recipes with output: <item:architects_palette:chiseled_emerald_ore_bricks>"
[01:47:26.446][DONE][CLIENT][INFO] Removing "minecraft:stonecutting" recipes with output: <item:architects_palette:chiseled_diamond_ore_bricks>"
[01:47:26.447][DONE][CLIENT][INFO] Adding "minecraft:crafting" recipe, of type: "shapeless", with name: "crafttweaker:coal_bricks" that outputs: <item:architects_palette:chiseled_coal_ore_bricks>.mutable()
[01:47:26.447][DONE][CLIENT][INFO] Adding "minecraft:crafting" recipe, of type: "shapeless", with name: "crafttweaker:lapis_bricks" that outputs: <item:architects_palette:chiseled_lapis_ore_bricks>.mutable()
[01:47:26.447][DONE][CLIENT][INFO] Adding "minecraft:crafting" recipe, of type: "shapeless", with name: "crafttweaker:redstone_bricks" that outputs: <item:architects_palette:chiseled_redstone_ore_bricks>.mutable()
[01:47:26.447][DONE][CLIENT][INFO] Adding "minecraft:crafting" recipe, of type: "shapeless", with name: "crafttweaker:iron_bricks" that outputs: <item:architects_palette:chiseled_iron_ore_bricks>.mutable()
[01:47:26.447][DONE][CLIENT][INFO] Adding "minecraft:crafting" recipe, of type: "shapeless", with name: "crafttweaker:gold_bricks" that outputs: <item:architects_palette:chiseled_gold_ore_bricks>.mutable()
[01:47:26.447][DONE][CLIENT][INFO] Adding "minecraft:crafting" recipe, of type: "shapeless", with name: "crafttweaker:emerald_bricks" that outputs: <item:architects_palette:chiseled_emerald_ore_bricks>.mutable()
[01:47:26.447][DONE][CLIENT][INFO] Adding "minecraft:crafting" recipe, of type: "shapeless", with name: "crafttweaker:diamond_bricks" that outputs: <item:architects_palette:chiseled_diamond_ore_bricks>.mutable()
[01:47:26.447][DONE][CLIENT][INFO] Removing "minecraft:crafting" recipes with output: <item:environmental:ice_bricks>"
[01:47:26.448][DONE][CLIENT][INFO] Adding "minecraft:crafting" recipe, of type: "shaped", with name: "crafttweaker:packed_ice_bricks" that outputs: <item:environmental:ice_bricks> * 4.mutable()
[01:47:26.448][DONE][CLIENT][INFO] Removing "minecraft:crafting" recipes with output: <item:architects_palette:charcoal_block>"
[01:47:26.449][DONE][CLIENT][INFO] Adding "minecraft:crafting" recipe, of type: "shaped", with name: "crafttweaker:charred_log" that outputs: <item:architects_palette:charcoal_block>.mutable()
[01:47:26.449][DONE][CLIENT][INFO] Removing "minecraft:crafting" recipes with output: <item:architects_palette:salmon_log>"
[01:47:26.449][DONE][CLIENT][INFO] Adding "minecraft:crafting" recipe, of type: "shaped", with name: "crafttweaker:salmon_cut" that outputs: <item:architects_palette:salmon_log> * 4.mutable()
[01:47:26.450][DONE][CLIENT][INFO] Removing "minecraft:crafting" recipes with output: <item:architects_palette:cod_log>"
[01:47:26.450][DONE][CLIENT][INFO] Adding "minecraft:crafting" recipe, of type: "shaped", with name: "crafttweaker:cod_cut" that outputs: <item:architects_palette:cod_log> * 4.mutable()
[01:47:26.450][DONE][CLIENT][INFO] Removing "minecraft:crafting" recipes with output: <item:architects_palette:olivestone_bricks>"
[01:47:26.451][DONE][CLIENT][INFO] Adding "minecraft:crafting" recipe, of type: "shaped", with name: "crafttweaker:cactus_paste_olivestone" that outputs: <item:architects_palette:olivestone_bricks> * 8.mutable()
[01:47:26.451][DONE][CLIENT][INFO] Removing "minecraft:crafting" recipe with name: "architects_palette:grinning_acacia_totem"
[01:47:26.451][DONE][CLIENT][INFO] Adding "minecraft:crafting" recipe, of type: "shaped", with name: "crafttweaker:blank_acacia_totem" that outputs: <item:architects_palette:blank_acacia_totem> * 2.mutable()
[01:47:26.451][DONE][CLIENT][INFO] Removing "minecraft:crafting" recipes with output: <item:infernalexp:infernal_painting>"
[01:47:26.451][DONE][CLIENT][INFO] Adding "minecraft:crafting" recipe, of type: "shaped", with name: "crafttweaker:canvas_infernal_painting" that outputs: <item:infernalexp:infernal_painting>.mutable()
[01:47:26.451][DONE][CLIENT][INFO] Removing "minecraft:crafting" recipes with output: <item:bayou_blues:gooseberry_jam_cookie>"
[01:47:26.452][DONE][CLIENT][INFO] Adding "minecraft:crafting" recipe, of type: "shapeless", with name: "crafttweaker:gooseberry_jam_cookie_shapeless" that outputs: <item:bayou_blues:gooseberry_jam_cookie> * 8.mutable()
[01:47:26.452][DONE][CLIENT][INFO] Removing "minecraft:crafting" recipes with output: <item:cookielicious:vanilla_cookie>"
[01:47:26.452][DONE][CLIENT][INFO] Adding "minecraft:crafting" recipe, of type: "shapeless", with name: "crafttweaker:vanilla_cookie_shapeless" that outputs: <item:cookielicious:vanilla_cookie> * 8.mutable()
[01:47:26.452][DONE][CLIENT][INFO] Removing "minecraft:crafting" recipes with output: <item:cookielicious:chocolate_cookie>"
[01:47:26.453][DONE][CLIENT][INFO] Adding "minecraft:crafting" recipe, of type: "shapeless", with name: "crafttweaker:chocolate_cookie_shapeless" that outputs: <item:cookielicious:chocolate_cookie> * 8.mutable()
[01:47:26.453][DONE][CLIENT][INFO] Removing "minecraft:crafting" recipes with output: <item:cookielicious:strawberry_cookie>"
[01:47:26.453][DONE][CLIENT][INFO] Adding "minecraft:crafting" recipe, of type: "shapeless", with name: "crafttweaker:strawberry_cookie_shapeless" that outputs: <item:cookielicious:strawberry_cookie> * 8.mutable()
[01:47:26.453][DONE][CLIENT][INFO] Removing "minecraft:crafting" recipes with output: <item:cookielicious:banana_cookie>"
[01:47:26.454][DONE][CLIENT][INFO] Adding "minecraft:crafting" recipe, of type: "shapeless", with name: "crafttweaker:banana_cookie_shapeless" that outputs: <item:cookielicious:banana_cookie> * 8.mutable()
[01:47:26.454][DONE][CLIENT][INFO] Removing "minecraft:crafting" recipes with output: <item:cookielicious:mint_cookie>"
[01:47:26.454][DONE][CLIENT][INFO] Adding "minecraft:crafting" recipe, of type: "shapeless", with name: "crafttweaker:mint_cookie_shapeless" that outputs: <item:cookielicious:mint_cookie> * 8.mutable()
[01:47:26.454][DONE][CLIENT][INFO] Removing "minecraft:crafting" recipes with output: <item:cookielicious:adzuki_cookie>"
[01:47:26.455][DONE][CLIENT][INFO] Adding "minecraft:crafting" recipe, of type: "shapeless", with name: "crafttweaker:adzuki_cookie_shapeless" that outputs: <item:cookielicious:adzuki_cookie> * 8.mutable()
[01:47:26.455][DONE][CLIENT][INFO] Removing "minecraft:crafting" recipes with output: <item:architects_palette:basalt_tiles>"
[01:47:26.455][DONE][CLIENT][INFO] Adding "minecraft:crafting" recipe, of type: "shaped", with name: "crafttweaker:basalt_tiles_from_bricks" that outputs: <item:architects_palette:basalt_tiles> * 4.mutable()
[01:47:26.455][DONE][CLIENT][INFO] Removing "minecraft:crafting" recipes with output: <item:infernalexp:basalt_brick_slab>"
[01:47:26.456][DONE][CLIENT][INFO] Adding "minecraft:crafting" recipe, of type: "shaped", with name: "crafttweaker:basalt_brick_slab_fix" that outputs: <item:infernalexp:basalt_brick_slab> * 6.mutable()
[01:47:26.456][DONE][CLIENT][INFO] Removing "minecraft:crafting" recipes with output: <item:supplementaries:pancake>"
[01:47:26.456][DONE][CLIENT][INFO] Adding "minecraft:crafting" recipe, of type: "shapeless", with name: "crafttweaker:pancake_with_syrup" that outputs: <item:supplementaries:pancake> * 4.mutable()
[01:47:26.456][DONE][CLIENT][INFO] Removing "minecraft:crafting" recipes with output: <item:storagedrawers:oak_full_drawers_1>"
[01:47:26.457][DONE][CLIENT][INFO] Adding "minecraft:crafting" recipe, of type: "shaped", with name: "crafttweaker:drawers_with_iron" that outputs: <item:storagedrawers:oak_full_drawers_1>.mutable()
[01:47:26.457][DONE][CLIENT][INFO] Removing "minecraft:crafting" recipes with output: <item:quark:seed_pouch>"
[01:47:26.459][DONE][CLIENT][INFO] Adding "minecraft:crafting" recipe, of type: "shaped", with name: "crafttweaker:seed_pouch_leather" that outputs: <item:quark:seed_pouch>.mutable()
[01:47:26.459][DONE][CLIENT][INFO] Adding "minecraft:crafting" recipe, of type: "shaped", with name: "crafttweaker:honey_sticky_piston" that outputs: <item:minecraft:sticky_piston>.mutable()
[01:47:26.459][DONE][CLIENT][INFO] Removing: [sweet_berries] from tag: <tag:items:quark:seed_pouch_holdable>
[01:47:26.465][DONE][CLIENT][INFO] Registering loot modifier with name 'crafttweaker:sack_fix'
[01:47:26.465][DONE][CLIENT][INFO] Finished loading Scripts!
[01:47:26.474][DONE][CLIENT][INFO] This reload was made possible by NickT and more! Become a patron at https://patreon.com/jaredlll08?s=crtmod
