[17Apr2025 00:37:02.575] [main/INFO] [cpw.mods.modlauncher.Launcher/MODLAUNCHER]: ModLauncher running: args [--gameDir, ., --launchTarget, fmlserver, --fml.forgeVersion, 36.2.42, --fml.mcpVersion, 20210115.111550, --fml.mcVersion, 1.16.5, --fml.forgeGroup, net.minecraftforge, nogui]
[17Apr2025 00:37:02.577] [main/INFO] [cpw.mods.modlauncher.Launcher/MODLAUNCHER]: ModLauncher 8.1.3+8.1.3+main-8.1.x.c94d18ec starting: java version 11.0.26 by Ubuntu
[17Apr2025 00:37:02.898] [main/INFO] [net.minecraftforge.fml.loading.FixSSL/CORE]: Added Lets Encrypt root certificates as additional trust
[17Apr2025 00:37:02.961] [main/INFO] [mixin/]: SpongePowered MIXIN Subsystem Version=0.8.4 Source=file:/workspaces/doimamcmiedo2/servidor_minecraft/libraries/org/spongepowered/mixin/0.8.4/mixin-0.8.4.jar Service=ModLauncher Env=SERVER
[17Apr2025 00:37:03.982] [main/INFO] [STDERR/]: [jdk.nashorn.api.scripting.NashornScriptEngine:<init>:143]: Warning: Nashorn engine is planned to be removed from a future JDK release
[17Apr2025 00:37:04.074] [main/INFO] [STDERR/]: [jdk.nashorn.api.scripting.NashornScriptEngine:<init>:143]: Warning: Nashorn engine is planned to be removed from a future JDK release
[17Apr2025 00:37:04.080] [main/INFO] [STDERR/]: [jdk.nashorn.api.scripting.NashornScriptEngine:<init>:143]: Warning: Nashorn engine is planned to be removed from a future JDK release
[17Apr2025 00:37:04.085] [main/INFO] [STDERR/]: [jdk.nashorn.api.scripting.NashornScriptEngine:<init>:143]: Warning: Nashorn engine is planned to be removed from a future JDK release
[17Apr2025 00:37:04.091] [main/INFO] [STDERR/]: [jdk.nashorn.api.scripting.NashornScriptEngine:<init>:143]: Warning: Nashorn engine is planned to be removed from a future JDK release
[17Apr2025 00:37:04.095] [main/INFO] [STDERR/]: [jdk.nashorn.api.scripting.NashornScriptEngine:<init>:143]: Warning: Nashorn engine is planned to be removed from a future JDK release
[17Apr2025 00:37:04.100] [main/INFO] [STDERR/]: [jdk.nashorn.api.scripting.NashornScriptEngine:<init>:143]: Warning: Nashorn engine is planned to be removed from a future JDK release
[17Apr2025 00:37:04.104] [main/INFO] [STDERR/]: [jdk.nashorn.api.scripting.NashornScriptEngine:<init>:143]: Warning: Nashorn engine is planned to be removed from a future JDK release
[17Apr2025 00:37:04.108] [main/INFO] [STDERR/]: [jdk.nashorn.api.scripting.NashornScriptEngine:<init>:143]: Warning: Nashorn engine is planned to be removed from a future JDK release
[17Apr2025 00:37:04.170] [main/INFO] [STDERR/]: [org.antlr.v4.runtime.ConsoleErrorListener:syntaxError:38]: line 13:0 token recognition error at: '`'
[17Apr2025 00:37:04.278] [main/INFO] [STDERR/]: [org.antlr.v4.runtime.ConsoleErrorListener:syntaxError:38]: line 1:0 token recognition error at: '~'
[17Apr2025 00:37:05.154] [main/ERROR] [mixin/]: Mixin config mixins.homing_ender_eye.json does not specify "minVersion" property
[17Apr2025 00:37:05.263] [main/ERROR] [mixin/]: Mixin config radon.mixins.json does not specify "minVersion" property
[17Apr2025 00:37:05.326] [main/ERROR] [mixin/]: Mixin config minetogether.mixins.json does not specify "minVersion" property
[17Apr2025 00:37:05.389] [main/INFO] [mixin/]: Successfully loaded Mixin Connector [tictim.paraglider.MixinConnector]
[17Apr2025 00:37:05.391] [main/INFO] [mixin/]: Successfully loaded Mixin Connector [vazkii.patchouli.common.MixinConnector]
[17Apr2025 00:37:05.395] [main/INFO] [cpw.mods.modlauncher.LaunchServiceHandler/MODLAUNCHER]: Launching target 'fmlserver' with arguments [--gameDir, ., nogui]
[17Apr2025 00:37:05.414] [main/WARN] [opotato/]: Why does the Opotato json config file exist?
[17Apr2025 00:37:05.414] [main/WARN] [opotato/]: Because Forge Config API sucks, which cannot load into the game as soon as the game get launched.
[17Apr2025 00:37:05.417] [main/INFO] [opotato/]: Mod Abundance-1.16.5-1.0.5.jar loaded!
[17Apr2025 00:37:05.417] [main/INFO] [opotato/]: Mod AdvancementPlaques-1.16.5-1.4.1.jar loaded!
[17Apr2025 00:37:05.417] [main/INFO] [opotato/]: Mod Architects-Palette-1.16.4-1.1.5.jar loaded!
[17Apr2025 00:37:05.417] [main/INFO] [opotato/]: Mod AutoRegLib-1.6-49.jar loaded!
[17Apr2025 00:37:05.418] [main/INFO] [opotato/]: Mod Bayou-Blues-1.16.5-1.0.5.jar loaded!
[17Apr2025 00:37:05.418] [main/INFO] [opotato/]: Mod Better-Badlands-1.16.5-2.0.3.jar loaded!
[17Apr2025 00:37:05.418] [main/INFO] [opotato/]: Mod BetterAdvancements-1.16.5-0.1.1.115.jar loaded!
[17Apr2025 00:37:05.418] [main/INFO] [opotato/]: Mod BetterCaves-Forge-1.16.4-1.1.2.jar loaded!
[17Apr2025 00:37:05.418] [main/INFO] [opotato/]: Mod BetterDungeons-1.16.4-1.2.1.jar loaded!
[17Apr2025 00:37:05.418] [main/INFO] [opotato/]: Mod BetterMineshafts-Forge-1.16.4-2.0.4.jar loaded!
[17Apr2025 00:37:05.418] [main/INFO] [opotato/]: Mod BetterStrongholds-1.16.4-1.2.1.jar loaded!
[17Apr2025 00:37:05.419] [main/INFO] [opotato/]: Mod Bookshelf-Forge-1.16.5-10.4.33.jar loaded!
[17Apr2025 00:37:05.419] [main/INFO] [opotato/]: Mod Chimes-1.0.0-1.16.5.jar loaded!
[17Apr2025 00:37:05.419] [main/INFO] [opotato/]: Mod ContentTweaker-1.16-1.0.0.develop.36.jar loaded!
[17Apr2025 00:37:05.419] [main/INFO] [opotato/]: Mod Controlling-7.0.0.29.jar loaded!
[17Apr2025 00:37:05.419] [main/INFO] [opotato/]: Mod CraftTweaker-1.16.5-7.1.2.525.jar loaded!
[17Apr2025 00:37:05.419] [main/INFO] [opotato/]: Mod CyclopsCore-1.16.5-1.13.0.jar loaded!
[17Apr2025 00:37:05.419] [main/INFO] [opotato/]: Mod DefaultOptions_1.16.5-12.2.1.jar loaded!
[17Apr2025 00:37:05.419] [main/INFO] [opotato/]: Mod EnchantmentDescriptions-1.16.5-7.1.23.jar loaded!
[17Apr2025 00:37:05.420] [main/INFO] [opotato/]: Mod Enhanced-Mushrooms-1.16.5-3.0.9.jar loaded!
[17Apr2025 00:37:05.420] [main/INFO] [opotato/]: Mod EquipmentCompare-1.16.5-1.3.2.jar loaded!
[17Apr2025 00:37:05.420] [main/INFO] [opotato/]: Mod FarmersDelight-1.16.5-0.6.0.jar loaded!
[17Apr2025 00:37:05.421] [main/INFO] [opotato/]: Mod Fruitful-1.16.5-2.1.0.jar loaded!
[17Apr2025 00:37:05.421] [main/INFO] [opotato/]: Mod Iceberg-1.16.5-1.0.45.jar loaded!
[17Apr2025 00:37:05.421] [main/INFO] [opotato/]: Mod Inspirations-1.16.5-1.2.3.38.jar loaded!
[17Apr2025 00:37:05.424] [main/INFO] [opotato/]: Mod JEITweaker-1.16.5-1.1.0.49.jar loaded!
[17Apr2025 00:37:05.425] [main/INFO] [opotato/]: Mod Jade-1.16.4-2.8.3.jar loaded!
[17Apr2025 00:37:05.425] [main/INFO] [opotato/]: Mod LegendaryTooltips-1.16.5-1.3.1.jar loaded!
[17Apr2025 00:37:05.425] [main/INFO] [opotato/]: Mod Mantle-1.16.5-1.6.157.jar loaded!
[17Apr2025 00:37:05.426] [main/INFO] [opotato/]: Mod Mirabilis 1.0.5 1.16.5.jar loaded!
[17Apr2025 00:37:05.426] [main/INFO] [opotato/]: Mod MouseTweaks-2.14-mc1.16.2.jar loaded!
[17Apr2025 00:37:05.426] [main/INFO] [opotato/]: Mod Neat 1.7-27.jar loaded!
[17Apr2025 00:37:05.426] [main/INFO] [opotato/]: Mod NekosEnchantedBooks-1.16-1.7.0.jar loaded!
[17Apr2025 00:37:05.426] [main/INFO] [opotato/]: Mod Notes-1.16.5-1.2.3.jar loaded!
[17Apr2025 00:37:05.426] [main/INFO] [opotato/]: Mod OpenLoader-1.16.5-9.0.3.jar loaded!
[17Apr2025 00:37:05.426] [main/INFO] [opotato/]: Mod PackMenu-1.16.5-2.5.0.jar loaded!
[17Apr2025 00:37:05.427] [main/INFO] [opotato/]: Mod Paraglider-1.16.5-1.3.2.14.jar loaded!
[17Apr2025 00:37:05.427] [main/INFO] [opotato/]: Mod Patchouli-1.16.4-53.3.jar loaded!
[17Apr2025 00:37:05.427] [main/INFO] [opotato/]: Mod Placebo-1.16.5-4.7.1.jar loaded!
[17Apr2025 00:37:05.427] [main/INFO] [opotato/]: Mod Prism-1.16.5-1.0.1.jar loaded!
[17Apr2025 00:37:05.427] [main/INFO] [opotato/]: Mod Quark-r2.4-322.jar loaded!
[17Apr2025 00:37:05.428] [main/INFO] [opotato/]: Mod QuarkOddities-1.16.3.jar loaded!
[17Apr2025 00:37:05.428] [main/INFO] [opotato/]: Mod RoadRunner-mc1.16.5-1.4.1.jar loaded!
[17Apr2025 00:37:05.428] [main/INFO] [opotato/]: Mod SimpleDiscordRichPresence-1.4.0-build.3+mc1.16.5.jar loaded!
[17Apr2025 00:37:05.428] [main/INFO] [opotato/]: Mod StorageDrawers-1.16.3-8.5.2.jar loaded!
[17Apr2025 00:37:05.429] [main/INFO] [opotato/]: Mod StructuredCrafting-1.16.4-0.2.2.jar loaded!
[17Apr2025 00:37:05.429] [main/INFO] [opotato/]: Mod Tips-1.16.5-4.0.18.jar loaded!
[17Apr2025 00:37:05.429] [main/INFO] [opotato/]: Mod ToastControl-1.16.5-4.4.0.jar loaded!
[17Apr2025 00:37:05.429] [main/INFO] [opotato/]: Mod Waystones_1.16.5-7.6.4.jar loaded!
[17Apr2025 00:37:05.429] [main/INFO] [opotato/]: Mod YungsApi-1.16.4-Forge-13.jar loaded!
[17Apr2025 00:37:05.429] [main/INFO] [opotato/]: Mod YungsBridges-Forge-1.16.4-1.0.1.jar loaded!
[17Apr2025 00:37:05.429] [main/INFO] [opotato/]: Mod YungsExtras-Forge-1.16.4-1.0.jar loaded!
[17Apr2025 00:37:05.433] [main/INFO] [opotato/]: Mod abnormals_core-1.16.5-3.3.1.jar loaded!
[17Apr2025 00:37:05.434] [main/INFO] [opotato/]: Mod abnormals_delight-1.16.5-1.2.1.jar loaded!
[17Apr2025 00:37:05.434] [main/INFO] [opotato/]: Mod advancementframes-1.16.5-1.0.5.jar loaded!
[17Apr2025 00:37:05.434] [main/INFO] [opotato/]: Mod alexsmobs-1.12.1.jar loaded!
[17Apr2025 00:37:05.434] [main/INFO] [opotato/]: Mod allurement-1.16.5-1.2.1.jar loaded!
[17Apr2025 00:37:05.434] [main/INFO] [opotato/]: Mod antiqueatlas-6.2.4-forge-mc1.16.5.jar loaded!
[17Apr2025 00:37:05.434] [main/INFO] [opotato/]: Mod antiquewaystones-1.3.jar loaded!
[17Apr2025 00:37:05.434] [main/INFO] [opotato/]: Mod architectury-1.32.68.jar loaded!
[17Apr2025 00:37:05.435] [main/INFO] [opotato/]: Mod atmospheric-1.16.5-3.1.1.jar loaded!
[17Apr2025 00:37:05.435] [main/INFO] [opotato/]: Mod autumnity-1.16.5-2.1.2.jar loaded!
[17Apr2025 00:37:05.435] [main/INFO] [opotato/]: Mod bamboo_blocks-1.16.5-3.0.1.jar loaded!
[17Apr2025 00:37:05.435] [main/INFO] [opotato/]: Mod bedspreads-forge-1.16.5-5.1.0.3.jar loaded!
[17Apr2025 00:37:05.435] [main/INFO] [opotato/]: Mod berry_good-1.16.5-4.1.2.jar loaded!
[17Apr2025 00:37:05.435] [main/INFO] [opotato/]: Mod blockswap-1.1.1.jar loaded!
[17Apr2025 00:37:05.436] [main/INFO] [opotato/]: Mod bundlesplus-0.2.1.jar loaded!
[17Apr2025 00:37:05.436] [main/INFO] [opotato/]: Mod buzzier_bees-1.16.5-3.0.3.jar loaded!
[17Apr2025 00:37:05.436] [main/INFO] [opotato/]: Mod carryon-1.16.5-1.15.6.24.jar loaded!
[17Apr2025 00:37:05.438] [main/INFO] [opotato/]: Mod chalk-1.16.5-1.2.1.jar loaded!
[17Apr2025 00:37:05.438] [main/INFO] [opotato/]: Mod charm-forge-1.16.5-2.3.2.jar loaded!
[17Apr2025 00:37:05.438] [main/INFO] [opotato/]: Mod charmonium-forge-1.16.5-2.3.2.jar loaded!
[17Apr2025 00:37:05.439] [main/INFO] [opotato/]: Mod chocolate-1.3.0-1.16.4.jar loaded!
[17Apr2025 00:37:05.439] [main/INFO] [opotato/]: Mod chunksending-1.16.5-2.5.jar loaded!
[17Apr2025 00:37:05.439] [main/INFO] [opotato/]: Mod citadel-1.8.1-1.16.5.jar loaded!
[17Apr2025 00:37:05.439] [main/INFO] [opotato/]: Mod clientcrafting-1.16.5-1.6.jar loaded!
[17Apr2025 00:37:05.442] [main/INFO] [opotato/]: Mod cloth-config-4.17.101-forge.jar loaded!
[17Apr2025 00:37:05.442] [main/INFO] [opotato/]: Mod connectivity-2.4-1.16.5.jar loaded!
[17Apr2025 00:37:05.443] [main/INFO] [opotato/]: Mod cookielicious-1.16.5-1.4.3.jar loaded!
[17Apr2025 00:37:05.443] [main/INFO] [opotato/]: Mod customizableelytra-1.16.4-1.6.1.jar loaded!
[17Apr2025 00:37:05.443] [main/INFO] [opotato/]: Mod decorative_blocks-1.16.4-1.7.2.jar loaded!
[17Apr2025 00:37:05.443] [main/INFO] [opotato/]: Mod decorative_blocks_abnormals-1.2.jar loaded!
[17Apr2025 00:37:05.443] [main/INFO] [opotato/]: Mod decorative_winter-0.1.2.jar loaded!
[17Apr2025 00:37:05.443] [main/INFO] [opotato/]: Mod despawn_tweaker-1.16.5-0.0.5.jar loaded!
[17Apr2025 00:37:05.443] [main/INFO] [opotato/]: Mod deuf-1.16.5-1.1.jar loaded!
[17Apr2025 00:37:05.444] [main/INFO] [opotato/]: Mod differentiate-1.16.5-0.5.3.jar loaded!
[17Apr2025 00:37:05.444] [main/INFO] [opotato/]: Mod dungeons_plus-1.16.5-1.1.5.jar loaded!
[17Apr2025 00:37:05.444] [main/INFO] [opotato/]: Mod endergetic-1.16.5-3.0.2.jar loaded!
[17Apr2025 00:37:05.445] [main/INFO] [opotato/]: Mod environmental-1.16.5-1.1.1.jar loaded!
[17Apr2025 00:37:05.445] [main/INFO] [opotato/]: Mod extraboats-1.16.5-2.1.1.jar loaded!
[17Apr2025 00:37:05.446] [main/INFO] [opotato/]: Mod fantasy-forge-1.1.1.jar loaded!
[17Apr2025 00:37:05.446] [main/INFO] [opotato/]: Mod farmersdelightintegration-1.16.5-1.0.3.jar loaded!
[17Apr2025 00:37:05.447] [main/INFO] [opotato/]: Mod farsight-1.4.2-1.16.5.jar loaded!
[17Apr2025 00:37:05.447] [main/INFO] [opotato/]: Mod ferritecore-2.1.1-forge.jar loaded!
[17Apr2025 00:37:05.448] [main/INFO] [opotato/]: Mod fish_in_planks-1.16.5-0.4.jar loaded!
[17Apr2025 00:37:05.449] [main/INFO] [opotato/]: Mod forge-1.16.5-36.2.42-server.jar loaded!
[17Apr2025 00:37:05.449] [main/INFO] [opotato/]: Mod forge-1.16.5-36.2.42-universal.jar loaded!
[17Apr2025 00:37:05.450] [main/INFO] [opotato/]: Mod forgery-1.16-1.4.0_01.jar loaded!
[17Apr2025 00:37:05.450] [main/INFO] [opotato/]: Mod frozenup-1.0.1.jar loaded!
[17Apr2025 00:37:05.450] [main/INFO] [opotato/]: Mod ftb-backups-2.1.2.2.jar loaded!
[17Apr2025 00:37:05.451] [main/INFO] [opotato/]: Mod ftb-library-forge-1605.3.4-build.90.jar loaded!
[17Apr2025 00:37:05.451] [main/INFO] [opotato/]: Mod geckolib-forge-1.16.5-3.0.106.jar loaded!
[17Apr2025 00:37:05.451] [main/INFO] [opotato/]: Mod glazedsymmetry-1.0.jar loaded!
[17Apr2025 00:37:05.452] [main/INFO] [opotato/]: Mod goaloptimizer-1.16.5-1.1.1.jar loaded!
[17Apr2025 00:37:05.452] [main/INFO] [opotato/]: Mod homing_ender_eye-1.16.5-1.0.1.jar loaded!
[17Apr2025 00:37:05.453] [main/INFO] [opotato/]: Mod infernal-expansion-1.16.5-2.5.0.jar loaded!
[17Apr2025 00:37:05.453] [main/INFO] [opotato/]: Mod irregularchef-1.16.5-1.0.1.jar loaded!
[17Apr2025 00:37:05.453] [main/INFO] [opotato/]: Mod itemzoom-1.16.x-2.2.1.jar loaded!
[17Apr2025 00:37:05.453] [main/INFO] [opotato/]: Mod jei-1.16.5-7.8.0.1009.jar loaded!
[17Apr2025 00:37:05.454] [main/INFO] [opotato/]: Mod lazydfu-0.1.3.jar loaded!
[17Apr2025 00:37:05.454] [main/INFO] [opotato/]: Mod leap-1.16.4-1.1.1.jar loaded!
[17Apr2025 00:37:05.454] [main/INFO] [opotato/]: Mod lepton-1.16.5-1.3.2.jar loaded!
[17Apr2025 00:37:05.454] [main/INFO] [opotato/]: Mod lightspeed-1.16.5-1.0.5.jar loaded!
[17Apr2025 00:37:05.455] [main/INFO] [opotato/]: Mod mannequins-forge-2.1.0+1.16.5.jar loaded!
[17Apr2025 00:37:05.455] [main/INFO] [opotato/]: Mod memoryleakfix-forge-pre1.17-1.0.0.jar loaded!
[17Apr2025 00:37:05.456] [main/INFO] [opotato/]: Mod minetogether-1.16.5-5.1.2-forge.jar loaded!
[17Apr2025 00:37:05.456] [main/INFO] [opotato/]: Mod modernfix-forge-5.8.1+mc1.16.5.jar loaded!
[17Apr2025 00:37:05.456] [main/INFO] [opotato/]: Mod moyai-1.16.5-1.0.2.jar loaded!
[17Apr2025 00:37:05.456] [main/INFO] [opotato/]: Mod muchmoremodcompat-1.0.0.jar loaded!
[17Apr2025 00:37:05.457] [main/INFO] [opotato/]: Mod neapolitan-1.16.5-2.2.1.jar loaded!
[17Apr2025 00:37:05.457] [main/INFO] [opotato/]: Mod opotato-1.16.5-2.1.4.jar loaded!
[17Apr2025 00:37:05.457] [main/INFO] [opotato/]: Mod panorama-1.3.0.jar loaded!
[17Apr2025 00:37:05.458] [main/INFO] [opotato/]: Mod peculiars-1.16.5-2.0.1.jar loaded!
[17Apr2025 00:37:05.458] [main/INFO] [opotato/]: Mod personality-1.16.5-1.0.3.jar loaded!
[17Apr2025 00:37:05.458] [main/INFO] [opotato/]: Mod pollen-forge-1.5.0+1.16.5.jar loaded!
[17Apr2025 00:37:05.459] [main/INFO] [opotato/]: Mod radon-0.8.0a.jar loaded!
[17Apr2025 00:37:05.459] [main/INFO] [opotato/]: Mod rawironandgoldupdate.jar loaded!
[17Apr2025 00:37:05.460] [main/INFO] [opotato/]: Mod redirector-1.16.5-1.6.0-forge.jar loaded!
[17Apr2025 00:37:05.460] [main/INFO] [opotato/]: Mod rendertypecache-1.16.5-0.0.1.jar loaded!
[17Apr2025 00:37:05.460] [main/INFO] [opotato/]: Mod repurposed_structures_forge-3.4.7+1.16.5.jar loaded!
[17Apr2025 00:37:05.460] [main/INFO] [opotato/]: Mod sapience-1.16.5-1.1.2.jar loaded!
[17Apr2025 00:37:05.461] [main/INFO] [opotato/]: Mod savageandravage-1.16.5-3.2.0.jar loaded!
[17Apr2025 00:37:05.461] [main/INFO] [opotato/]: Mod seals-1.16.3-2.1.2.jar loaded!
[17Apr2025 00:37:05.461] [main/INFO] [opotato/]: Mod seasonals-1.16.5-2.0.3.jar loaded!
[17Apr2025 00:37:05.462] [main/INFO] [opotato/]: Mod secondchanceforge-1.16.5-1.5.0.jar loaded!
[17Apr2025 00:37:05.462] [main/INFO] [opotato/]: Mod selene-1.16.5-1.9.0.jar loaded!
[17Apr2025 00:37:05.462] [main/INFO] [opotato/]: Mod shulker_enchantments-2.1.1.jar loaded!
[17Apr2025 00:37:05.462] [main/INFO] [opotato/]: Mod shutupexperimentalsettings-1.0.3.jar loaded!
[17Apr2025 00:37:05.463] [main/INFO] [opotato/]: Mod skinned_lanterns-1.16.5-1.3.1.jar loaded!
[17Apr2025 00:37:05.463] [main/INFO] [opotato/]: Mod smoothchunk1.16.5-2.0.jar loaded!
[17Apr2025 00:37:05.463] [main/INFO] [opotato/]: Mod spark-1.9.1-forge.jar loaded!
[17Apr2025 00:37:05.464] [main/INFO] [opotato/]: Mod step-1.16.4-1.1.0.jar loaded!
[17Apr2025 00:37:05.464] [main/INFO] [opotato/]: Mod structure_gel-1.16.5-1.7.8.jar loaded!
[17Apr2025 00:37:05.464] [main/INFO] [opotato/]: Mod supplementaries-1.16.5-0.18.5.jar loaded!
[17Apr2025 00:37:05.465] [main/INFO] [opotato/]: Mod swingthroughgrass-1.16.4-1.5.3.jar loaded!
[17Apr2025 00:37:05.465] [main/INFO] [opotato/]: Mod the-conjurer-1.16.4-1.0.13.jar loaded!
[17Apr2025 00:37:05.465] [main/INFO] [opotato/]: Mod towers_of_the_wild-1.16.3-2.1.0.1.jar loaded!
[17Apr2025 00:37:05.465] [main/INFO] [opotato/]: Mod unnamedanimalmod-1.0.0.jar loaded!
[17Apr2025 00:37:05.465] [main/INFO] [opotato/]: Mod upgrade_aquatic-1.16.5-3.1.2.jar loaded!
[17Apr2025 00:37:05.466] [main/INFO] [opotato/]: Mod windowlogging-mc1.16.5_v0.0.5.jar loaded!
[17Apr2025 00:37:05.532] [main/INFO] [opotato/]: Loaded configuration file for Opotato: 34 options available, 0 override(s) found
[17Apr2025 00:37:05.642] [main/INFO] [ModernFix/]: Loaded configuration file for ModernFix 5.8.1+mc1.16.5: 79 options available, 2 override(s) found
[17Apr2025 00:37:05.642] [main/WARN] [ModernFix/]: Option 'mixin.perf.dynamic_resources' overriden (by user configuration) to 'true'
[17Apr2025 00:37:05.642] [main/WARN] [ModernFix/]: Option 'mixin.perf.compress_biome_container' overriden (by mods [chocolate]) to 'false'
[17Apr2025 00:37:06.490] [main/INFO] [ModernFix/]: Applied Forge config corruption patch
[17Apr2025 00:37:06.617] [main/INFO] [Forgery/]: Reloading configs...
[17Apr2025 00:37:06.648] [main/INFO] [Forgery/]: Loading of features.ini done in 12.51 ms with 0 warnings
[17Apr2025 00:37:06.649] [main/ERROR] [Forgery/]: Cannot look up value for config key general.runtime_checks with no default
[17Apr2025 00:37:06.649] [main/WARN] [Forgery/]: Forgery is about to inject into Mixin to add support for failsoft mixins.
[17Apr2025 00:37:06.649] [main/WARN] [Forgery/]: THE FOLLOWING WARNINGS ARE NOT AN ERROR AND DO NOT IMPLY FORGERY IS RESPONSIBLE FOR A CRASH.
[17Apr2025 00:37:06.650] [main/WARN] [mixin/]: Overriding InjectionInfo for @Inject with com.unascribed.fabrication.support.injection.FailsoftCallbackInjectionInfo (previously org.spongepowered.asm.mixin.injection.struct.CallbackInjectionInfo)
[17Apr2025 00:37:06.651] [main/WARN] [mixin/]: Overriding InjectionInfo for @ModifyArg with com.unascribed.fabrication.support.injection.FailsoftModifyArgInjectionInfo (previously org.spongepowered.asm.mixin.injection.struct.ModifyArgInjectionInfo)
[17Apr2025 00:37:06.652] [main/WARN] [mixin/]: Overriding InjectionInfo for @ModifyArgs with com.unascribed.fabrication.support.injection.FailsoftModifyArgsInjectionInfo (previously org.spongepowered.asm.mixin.injection.struct.ModifyArgsInjectionInfo)
[17Apr2025 00:37:06.654] [main/WARN] [mixin/]: Overriding InjectionInfo for @Redirect with com.unascribed.fabrication.support.injection.FailsoftRedirectInjectionInfo (previously org.spongepowered.asm.mixin.injection.struct.RedirectInjectionInfo)
[17Apr2025 00:37:06.655] [main/WARN] [mixin/]: Overriding InjectionInfo for @ModifyVariable with com.unascribed.fabrication.support.injection.FailsoftModifyVariableInjectionInfo (previously org.spongepowered.asm.mixin.injection.struct.ModifyVariableInjectionInfo)
[17Apr2025 00:37:06.656] [main/WARN] [mixin/]: Overriding InjectionInfo for @ModifyConstant with com.unascribed.fabrication.support.injection.FailsoftModifyConstantInjectionInfo (previously org.spongepowered.asm.mixin.injection.struct.ModifyConstantInjectionInfo)
[17Apr2025 00:37:06.656] [main/WARN] [Forgery/]: Injection complete.
[17Apr2025 00:37:06.695] [main/WARN] [mixin/]: Reference map 'yungsbridges.refmap.json' for yungsbridges.mixins.json could not be read. If this is a development environment you can ignore this message
[17Apr2025 00:37:06.709] [main/INFO] [RoadRunner Early Loading/]: Loaded rule configuration file for RoadRunner: 81 options available, 0 override(s) found
[17Apr2025 00:37:06.737] [main/WARN] [mixin/]: Reference map 'antiqueatlas-forge-refmap.json' for antiqueatlas.mixins.json could not be read. If this is a development environment you can ignore this message
[17Apr2025 00:37:06.989] [main/INFO] [net.minecraftforge.coremod.CoreMod.placebo/COREMODLOG]: Patching LivingEntity#attackEntityFrom
[17Apr2025 00:37:07.404] [main/FATAL] [net.minecraftforge.fml.loading.RuntimeDistCleaner/DISTXFORM]: Attempted to load class net/minecraft/client/Minecraft for invalid dist DEDICATED_SERVER
[17Apr2025 00:37:07.405] [main/WARN] [mixin/]: Error loading class: net/minecraft/client/Minecraft (java.lang.RuntimeException: Attempted to load class net/minecraft/client/Minecraft for invalid dist DEDICATED_SERVER)
[17Apr2025 00:37:07.405] [main/WARN] [mixin/]: @Mixin target net.minecraft.client.Minecraft was not found modernfix-common.mixins.json:bugfix.world_leaks.MinecraftMixin
[17Apr2025 00:37:07.470] [main/INFO] [net.minecraftforge.coremod.CoreMod.placebo/COREMODLOG]: Patching ItemStack#onItemUse
[17Apr2025 00:37:07.679] [main/FATAL] [net.minecraftforge.fml.loading.RuntimeDistCleaner/DISTXFORM]: Attempted to load class net/minecraft/client/renderer/model/ItemOverrideList for invalid dist DEDICATED_SERVER
[17Apr2025 00:37:07.679] [main/WARN] [mixin/]: Error loading class: net/minecraft/client/renderer/model/ItemOverrideList (java.lang.RuntimeException: Attempted to load class net/minecraft/client/renderer/model/ItemOverrideList for invalid dist DEDICATED_SERVER)
[17Apr2025 00:37:07.679] [main/WARN] [mixin/]: @Mixin target net.minecraft.client.renderer.model.ItemOverrideList was not found modernfix-common.mixins.json:perf.dynamic_resources.ItemOverridesMixin
[17Apr2025 00:37:07.680] [main/FATAL] [net.minecraftforge.fml.loading.RuntimeDistCleaner/DISTXFORM]: Attempted to load class net/minecraft/client/renderer/ItemModelMesher for invalid dist DEDICATED_SERVER
[17Apr2025 00:37:07.680] [main/WARN] [mixin/]: Error loading class: net/minecraft/client/renderer/ItemModelMesher (java.lang.RuntimeException: Attempted to load class net/minecraft/client/renderer/ItemModelMesher for invalid dist DEDICATED_SERVER)
[17Apr2025 00:37:07.680] [main/WARN] [mixin/]: @Mixin target net.minecraft.client.renderer.ItemModelMesher was not found modernfix-common.mixins.json:perf.dynamic_resources.ItemModelShaperMixin
[17Apr2025 00:37:07.794] [main/INFO] [net.minecraftforge.coremod.CoreMod.placebo/COREMODLOG]: Patching LootTableManager#apply
[17Apr2025 00:37:07.857] [main/WARN] [mixin/]: Error loading class: net/minecraft/client/util/InputMappings (java.lang.ClassNotFoundException: null)
[17Apr2025 00:37:07.857] [main/WARN] [mixin/]: @Mixin target net.minecraft.client.util.InputMappings was not found modernfix-forge.mixins.json:perf.async_jei.InputConstantsMixin
[17Apr2025 00:37:08.148] [main/INFO] [net.minecraftforge.coremod.CoreMod.placebo/COREMODLOG]: Patching ModelBakery#<init>
[17Apr2025 00:37:08.174] [main/FATAL] [net.minecraftforge.fml.loading.RuntimeDistCleaner/DISTXFORM]: Attempted to load class net/minecraft/client/renderer/model/ModelBakery for invalid dist DEDICATED_SERVER
[17Apr2025 00:37:08.174] [main/WARN] [mixin/]: Error loading class: net/minecraft/client/renderer/model/ModelBakery (java.lang.RuntimeException: Attempted to load class net/minecraft/client/renderer/model/ModelBakery for invalid dist DEDICATED_SERVER)
[17Apr2025 00:37:08.174] [main/WARN] [mixin/]: @Mixin target net.minecraft.client.renderer.model.ModelBakery was not found lightspeed.mixins.json:model.ModelBakeryMixin
[17Apr2025 00:37:08.357] [main/FATAL] [net.minecraftforge.fml.loading.RuntimeDistCleaner/DISTXFORM]: Attempted to load class net/minecraft/client/renderer/entity/PlayerRenderer for invalid dist DEDICATED_SERVER
[17Apr2025 00:37:08.358] [main/WARN] [mixin/]: Error loading class: net/minecraft/client/renderer/entity/PlayerRenderer (java.lang.RuntimeException: Attempted to load class net/minecraft/client/renderer/entity/PlayerRenderer for invalid dist DEDICATED_SERVER)
[17Apr2025 00:37:08.358] [main/WARN] [mixin/]: @Mixin target net.minecraft.client.renderer.entity.PlayerRenderer was not found seals.mixins.json:MixinPlayerRenderer
[17Apr2025 00:37:08.601] [main/FATAL] [net.minecraftforge.fml.loading.RuntimeDistCleaner/DISTXFORM]: Attempted to load class net/minecraft/client/renderer/entity/layers/BipedArmorLayer for invalid dist DEDICATED_SERVER
[17Apr2025 00:37:08.602] [main/WARN] [mixin/]: Error loading class: net/minecraft/client/renderer/entity/layers/BipedArmorLayer (java.lang.RuntimeException: Attempted to load class net/minecraft/client/renderer/entity/layers/BipedArmorLayer for invalid dist DEDICATED_SERVER)
[17Apr2025 00:37:08.602] [main/WARN] [mixin/]: @Mixin target net.minecraft.client.renderer.entity.layers.BipedArmorLayer was not found neapolitan.mixins.json:BipedArmorLayerMixin
[17Apr2025 00:37:08.970] [main/INFO] [net.minecraftforge.coremod.CoreMod.placebo/COREMODLOG]: Patching DataPackRegistries#<init>
[17Apr2025 00:37:09.041] [main/FATAL] [net.minecraftforge.fml.loading.RuntimeDistCleaner/DISTXFORM]: Attempted to load class net/minecraft/client/gui/screen/CreateWorldScreen for invalid dist DEDICATED_SERVER
[17Apr2025 00:37:09.042] [main/WARN] [mixin/]: Error loading class: net/minecraft/client/gui/screen/CreateWorldScreen (java.lang.RuntimeException: Attempted to load class net/minecraft/client/gui/screen/CreateWorldScreen for invalid dist DEDICATED_SERVER)
[17Apr2025 00:37:09.042] [main/WARN] [mixin/]: @Mixin target net.minecraft.client.gui.screen.CreateWorldScreen was not found mixins.defaultoptions.json:CreateWorldScreenAccessor
[17Apr2025 00:37:09.044] [main/FATAL] [net.minecraftforge.fml.loading.RuntimeDistCleaner/DISTXFORM]: Attempted to load class net/minecraft/client/GameSettings for invalid dist DEDICATED_SERVER
[17Apr2025 00:37:09.044] [main/WARN] [mixin/]: Error loading class: net/minecraft/client/GameSettings (java.lang.RuntimeException: Attempted to load class net/minecraft/client/GameSettings for invalid dist DEDICATED_SERVER)
[17Apr2025 00:37:09.044] [main/WARN] [mixin/]: @Mixin target net.minecraft.client.GameSettings was not found mixins.defaultoptions.json:GameSettingsMixin
[17Apr2025 00:37:09.051] [main/INFO] [memoryleakfix/]: [MemoryLeakFix] Will be applying 3 memory leak fixes!
[17Apr2025 00:37:09.051] [main/INFO] [memoryleakfix/]: [MemoryLeakFix] Currently enabled memory leak fixes: [entityMemoriesLeak, biomeTemperatureLeak, drownedNavigationLeak]
[17Apr2025 00:37:09.935] [main/INFO] [net.minecraft.util.registry.Bootstrap/]: ModernFix reached bootstrap stage (8.454 s after launch)
[17Apr2025 00:37:10.524] [main/WARN] [mixin/]: @Redirect conflict. Skipping redirector.mixins.json:net.minecraft.world.level.block.piston.PistonBaseBlockMixin->@Redirect::redirectDirections()[Lnet/minecraft/util/Direction; with priority 10, already redirected by roadrunner.mixins.json:alloc.enum_values.PistonBlockMixin->@Redirect::redirectShouldExtendDirectionValues()[Lnet/minecraft/util/Direction; with priority 1000
[17Apr2025 00:37:10.524] [main/WARN] [mixin/]: @Redirect conflict. Skipping redirector.mixins.json:net.minecraft.world.level.block.piston.PistonBaseBlockMixin->@Redirect::redirectDirections()[Lnet/minecraft/util/Direction; with priority 10, already redirected by roadrunner.mixins.json:alloc.enum_values.PistonBlockMixin->@Redirect::redirectShouldExtendDirectionValues()[Lnet/minecraft/util/Direction; with priority 1000
[17Apr2025 00:37:10.622] [main/WARN] [mixin/]: @Redirect conflict. Skipping redirector.mixins.json:net.minecraft.world.level.block.RedStoneWireBlockMixin->@Redirect::redirectDirections()[Lnet/minecraft/util/Direction; with priority 10, already redirected by roadrunner.mixins.json:alloc.enum_values.RedstoneWireBlockMixin->@Redirect::redirectUpdateDirectionValues()[Lnet/minecraft/util/Direction; with priority 1000
[17Apr2025 00:37:10.622] [main/WARN] [mixin/]: @Redirect conflict. Skipping redirector.mixins.json:net.minecraft.world.level.block.RedStoneWireBlockMixin->@Redirect::redirectDirections()[Lnet/minecraft/util/Direction; with priority 10, already redirected by roadrunner.mixins.json:alloc.enum_values.RedstoneWireBlockMixin->@Redirect::redirectUpdateNeighborsDirectionValues()[Lnet/minecraft/util/Direction; with priority 1000
[17Apr2025 00:37:11.037] [main/INFO] [ModernFix/]: Injecting BlockStateBase cache population hook into func_204519_t from me.jellysquid.mods.lithium.mixin.block.flatten_states.AbstractBlockStateMixin
[17Apr2025 00:37:11.247] [main/INFO] [net.minecraftforge.coremod.CoreMod.placebo/COREMODLOG]: Patching LivingEntity#attackEntityFrom
[17Apr2025 00:37:11.374] [main/WARN] [mixin/]: @Redirect conflict. Skipping redirector.mixins.json:net.minecraft.world.entity.LivingEntityMixin->@Redirect::redirectEquipmentSlots()[Lnet/minecraft/inventory/EquipmentSlotType; with priority 10, already redirected by roadrunner.mixins.json:alloc.enum_values.LivingEntityMixin->@Redirect::redirectEquipmentSlotsClone()[Lnet/minecraft/inventory/EquipmentSlotType; with priority 1000
[17Apr2025 00:37:12.002] [main/INFO] [FerriteCore - class definer/]: Using Java 9+ class definer
[17Apr2025 00:37:12.043] [main/INFO] [net.minecraftforge.coremod.CoreMod.placebo/COREMODLOG]: Patching ItemStack#onItemUse
[17Apr2025 00:37:12.439] [main/WARN] [mixin/]: @Redirect conflict. Skipping redirector.mixins.json:net.minecraft.world.level.block.piston.PistonStructureResolverMixin->@Redirect::redirectDirections()[Lnet/minecraft/util/Direction; with priority 10, already redirected by roadrunner.mixins.json:alloc.enum_values.PistonHandlerMixin->@Redirect::redirectCanMoveAdjacentBlockValues()[Lnet/minecraft/util/Direction; with priority 1000
[17Apr2025 00:37:14.499] [main/INFO] [net.minecraft.util.registry.Bootstrap/]: Vanilla bootstrap took 4561 milliseconds
[17Apr2025 00:37:14.690] [main/INFO] [net.minecraftforge.registries.GameData/]: Potentially Dangerous alternative prefix `citadel` for name `debug`, expected `minecraft`. This could be a intended override, but in most cases indicates a broken mod.
[17Apr2025 00:37:14.692] [main/INFO] [net.minecraftforge.registries.GameData/]: Potentially Dangerous alternative prefix `citadel` for name `citadel_book`, expected `minecraft`. This could be a intended override, but in most cases indicates a broken mod.
[17Apr2025 00:37:14.692] [main/INFO] [net.minecraftforge.registries.GameData/]: Potentially Dangerous alternative prefix `citadel` for name `effect_item`, expected `minecraft`. This could be a intended override, but in most cases indicates a broken mod.
[17Apr2025 00:37:14.692] [main/INFO] [net.minecraftforge.registries.GameData/]: Potentially Dangerous alternative prefix `citadel` for name `fancy_item`, expected `minecraft`. This could be a intended override, but in most cases indicates a broken mod.
[17Apr2025 00:37:14.861] [main/ERROR] [net.minecraftforge.fml.javafmlmod.FMLModContainer/LOADING]: Failed to load class com.swdteam.panorama.main.Main
java.lang.NoClassDefFoundError: net/minecraft/client/renderer/RenderSkyboxCube
	at java.lang.Class.forName0(Native Method) ~[?:?]
	at java.lang.Class.forName(Class.java:398) ~[?:?]
	at net.minecraftforge.fml.javafmlmod.FMLModContainer.<init>(FMLModContainer.java:47) ~[forge:36.2]
	at jdk.internal.reflect.GeneratedConstructorAccessor41.newInstance(Unknown Source) ~[?:?]
	at jdk.internal.reflect.DelegatingConstructorAccessorImpl.newInstance(DelegatingConstructorAccessorImpl.java:45) ~[?:?]
	at java.lang.reflect.Constructor.newInstance(Constructor.java:490) ~[?:?]
	at net.minecraftforge.fml.javafmlmod.FMLJavaModLanguageProvider$FMLModTarget.loadMod(FMLJavaModLanguageProvider.java:62) ~[forge:36.2]
	at net.minecraftforge.fml.ModLoader.buildModContainerFromTOML(ModLoader.java:288) ~[forge:?]
	at net.minecraftforge.fml.ModLoader.lambda$buildMods$29(ModLoader.java:267) ~[forge:?]
	at java.util.stream.ReferencePipeline$3$1.accept(ReferencePipeline.java:195) ~[?:?]
	at java.util.HashMap$EntrySpliterator.forEachRemaining(HashMap.java:1764) ~[?:?]
	at java.util.stream.AbstractPipeline.copyInto(AbstractPipeline.java:484) ~[?:?]
	at java.util.stream.AbstractPipeline.wrapAndCopyInto(AbstractPipeline.java:474) ~[?:?]
	at java.util.stream.ReduceOps$ReduceOp.evaluateSequential(ReduceOps.java:913) ~[?:?]
	at java.util.stream.AbstractPipeline.evaluate(AbstractPipeline.java:234) ~[?:?]
	at java.util.stream.ReferencePipeline.collect(ReferencePipeline.java:578) ~[?:?]
	at net.minecraftforge.fml.ModLoader.buildMods(ModLoader.java:269) ~[forge:?]
	at net.minecraftforge.fml.ModLoader.lambda$gatherAndInitializeMods$11(ModLoader.java:169) ~[forge:?]
	at java.util.stream.ReferencePipeline$3$1.accept(ReferencePipeline.java:195) ~[?:?]
	at java.util.stream.ReferencePipeline$3$1.accept(ReferencePipeline.java:195) ~[?:?]
	at java.util.ArrayList$ArrayListSpliterator.forEachRemaining(ArrayList.java:1655) ~[?:?]
	at java.util.stream.AbstractPipeline.copyInto(AbstractPipeline.java:484) ~[?:?]
	at java.util.stream.AbstractPipeline.wrapAndCopyInto(AbstractPipeline.java:474) ~[?:?]
	at java.util.stream.ReduceOps$ReduceOp.evaluateSequential(ReduceOps.java:913) ~[?:?]
	at java.util.stream.AbstractPipeline.evaluate(AbstractPipeline.java:234) ~[?:?]
	at java.util.stream.ReferencePipeline.collect(ReferencePipeline.java:578) ~[?:?]
	at net.minecraftforge.fml.ModLoader.gatherAndInitializeMods(ModLoader.java:171) ~[forge:?]
	at net.minecraftforge.fml.server.ServerModLoader.load(ServerModLoader.java:30) ~[forge:?]
	at net.minecraft.server.Main.main(Main.java:95) ~[?:?]
	at jdk.internal.reflect.NativeMethodAccessorImpl.invoke0(Native Method) ~[?:?]
	at jdk.internal.reflect.NativeMethodAccessorImpl.invoke(NativeMethodAccessorImpl.java:62) ~[?:?]
	at jdk.internal.reflect.DelegatingMethodAccessorImpl.invoke(DelegatingMethodAccessorImpl.java:43) ~[?:?]
	at java.lang.reflect.Method.invoke(Method.java:566) ~[?:?]
	at net.minecraftforge.fml.loading.FMLServerLaunchProvider.lambda$launchService$0(FMLServerLaunchProvider.java:37) ~[forge-1.16.5-36.2.42.jar:36.2]
	at cpw.mods.modlauncher.LaunchServiceHandlerDecorator.launch(LaunchServiceHandlerDecorator.java:37) [modlauncher-8.1.3.jar:?]
	at cpw.mods.modlauncher.LaunchServiceHandler.launch(LaunchServiceHandler.java:54) [modlauncher-8.1.3.jar:?]
	at cpw.mods.modlauncher.LaunchServiceHandler.launch(LaunchServiceHandler.java:72) [modlauncher-8.1.3.jar:?]
	at cpw.mods.modlauncher.Launcher.run(Launcher.java:82) [modlauncher-8.1.3.jar:?]
	at cpw.mods.modlauncher.Launcher.main(Launcher.java:66) [modlauncher-8.1.3.jar:?]
	at net.minecraftforge.server.ServerMain$Runner.runLauncher(ServerMain.java:49) [forge-1.16.5-36.2.42.jar:?]
	at net.minecraftforge.server.ServerMain$Runner.access$100(ServerMain.java:46) [forge-1.16.5-36.2.42.jar:?]
	at net.minecraftforge.server.ServerMain.main(ServerMain.java:43) [forge-1.16.5-36.2.42.jar:?]
Caused by: java.lang.ClassNotFoundException: net.minecraft.client.renderer.RenderSkyboxCube
	at java.lang.ClassLoader.findClass(ClassLoader.java:724) ~[?:?]
	at java.lang.ClassLoader.loadClass(ClassLoader.java:594) ~[?:?]
	at cpw.mods.modlauncher.TransformingClassLoader.loadClass(TransformingClassLoader.java:106) ~[modlauncher-8.1.3.jar:?]
	at java.lang.ClassLoader.loadClass(ClassLoader.java:527) ~[?:?]
	... 42 more
	Suppressed: java.lang.ClassNotFoundException
		at cpw.mods.modlauncher.TransformingClassLoader$DelegatedClassLoader.findClass(TransformingClassLoader.java:282) ~[modlauncher-8.1.3.jar:?]
		at cpw.mods.modlauncher.TransformingClassLoader.loadClass(TransformingClassLoader.java:136) ~[modlauncher-8.1.3.jar:?]
		at cpw.mods.modlauncher.TransformingClassLoader.loadClass(TransformingClassLoader.java:98) ~[modlauncher-8.1.3.jar:?]
		at java.lang.ClassLoader.loadClass(ClassLoader.java:527) ~[?:?]
		at java.lang.Class.forName0(Native Method) ~[?:?]
		at java.lang.Class.forName(Class.java:398) ~[?:?]
		at net.minecraftforge.fml.javafmlmod.FMLModContainer.<init>(FMLModContainer.java:47) ~[forge:36.2]
		at jdk.internal.reflect.GeneratedConstructorAccessor41.newInstance(Unknown Source) ~[?:?]
		at jdk.internal.reflect.DelegatingConstructorAccessorImpl.newInstance(DelegatingConstructorAccessorImpl.java:45) ~[?:?]
		at java.lang.reflect.Constructor.newInstance(Constructor.java:490) ~[?:?]
		at net.minecraftforge.fml.javafmlmod.FMLJavaModLanguageProvider$FMLModTarget.loadMod(FMLJavaModLanguageProvider.java:62) ~[forge:36.2]
		at net.minecraftforge.fml.ModLoader.buildModContainerFromTOML(ModLoader.java:288) ~[forge:?]
		at net.minecraftforge.fml.ModLoader.lambda$buildMods$29(ModLoader.java:267) ~[forge:?]
		at java.util.stream.ReferencePipeline$3$1.accept(ReferencePipeline.java:195) ~[?:?]
		at java.util.HashMap$EntrySpliterator.forEachRemaining(HashMap.java:1764) ~[?:?]
		at java.util.stream.AbstractPipeline.copyInto(AbstractPipeline.java:484) ~[?:?]
		at java.util.stream.AbstractPipeline.wrapAndCopyInto(AbstractPipeline.java:474) ~[?:?]
		at java.util.stream.ReduceOps$ReduceOp.evaluateSequential(ReduceOps.java:913) ~[?:?]
		at java.util.stream.AbstractPipeline.evaluate(AbstractPipeline.java:234) ~[?:?]
		at java.util.stream.ReferencePipeline.collect(ReferencePipeline.java:578) ~[?:?]
		at net.minecraftforge.fml.ModLoader.buildMods(ModLoader.java:269) ~[forge:?]
		at net.minecraftforge.fml.ModLoader.lambda$gatherAndInitializeMods$11(ModLoader.java:169) ~[forge:?]
		at java.util.stream.ReferencePipeline$3$1.accept(ReferencePipeline.java:195) ~[?:?]
		at java.util.stream.ReferencePipeline$3$1.accept(ReferencePipeline.java:195) ~[?:?]
		at java.util.ArrayList$ArrayListSpliterator.forEachRemaining(ArrayList.java:1655) ~[?:?]
		at java.util.stream.AbstractPipeline.copyInto(AbstractPipeline.java:484) ~[?:?]
		at java.util.stream.AbstractPipeline.wrapAndCopyInto(AbstractPipeline.java:474) ~[?:?]
		at java.util.stream.ReduceOps$ReduceOp.evaluateSequential(ReduceOps.java:913) ~[?:?]
		at java.util.stream.AbstractPipeline.evaluate(AbstractPipeline.java:234) ~[?:?]
		at java.util.stream.ReferencePipeline.collect(ReferencePipeline.java:578) ~[?:?]
		at net.minecraftforge.fml.ModLoader.gatherAndInitializeMods(ModLoader.java:171) ~[forge:?]
		at net.minecraftforge.fml.server.ServerModLoader.load(ServerModLoader.java:30) ~[forge:?]
		at net.minecraft.server.Main.main(Main.java:95) ~[?:?]
		at jdk.internal.reflect.NativeMethodAccessorImpl.invoke0(Native Method) ~[?:?]
		at jdk.internal.reflect.NativeMethodAccessorImpl.invoke(NativeMethodAccessorImpl.java:62) ~[?:?]
		at jdk.internal.reflect.DelegatingMethodAccessorImpl.invoke(DelegatingMethodAccessorImpl.java:43) ~[?:?]
		at java.lang.reflect.Method.invoke(Method.java:566) ~[?:?]
		at net.minecraftforge.fml.loading.FMLServerLaunchProvider.lambda$launchService$0(FMLServerLaunchProvider.java:37) ~[forge-1.16.5-36.2.42.jar:36.2]
		at cpw.mods.modlauncher.LaunchServiceHandlerDecorator.launch(LaunchServiceHandlerDecorator.java:37) [modlauncher-8.1.3.jar:?]
		at cpw.mods.modlauncher.LaunchServiceHandler.launch(LaunchServiceHandler.java:54) [modlauncher-8.1.3.jar:?]
		at cpw.mods.modlauncher.LaunchServiceHandler.launch(LaunchServiceHandler.java:72) [modlauncher-8.1.3.jar:?]
		at cpw.mods.modlauncher.Launcher.run(Launcher.java:82) [modlauncher-8.1.3.jar:?]
		at cpw.mods.modlauncher.Launcher.main(Launcher.java:66) [modlauncher-8.1.3.jar:?]
		at net.minecraftforge.server.ServerMain$Runner.runLauncher(ServerMain.java:49) [forge-1.16.5-36.2.42.jar:?]
		at net.minecraftforge.server.ServerMain$Runner.access$100(ServerMain.java:46) [forge-1.16.5-36.2.42.jar:?]
		at net.minecraftforge.server.ServerMain.main(ServerMain.java:43) [forge-1.16.5-36.2.42.jar:?]
[17Apr2025 00:37:14.866] [main/FATAL] [net.minecraftforge.fml.javafmlmod.FMLJavaModLanguageProvider/LOADING]: Failed to build mod
java.lang.reflect.InvocationTargetException: null
	at jdk.internal.reflect.GeneratedConstructorAccessor41.newInstance(Unknown Source) ~[?:?]
	at jdk.internal.reflect.DelegatingConstructorAccessorImpl.newInstance(DelegatingConstructorAccessorImpl.java:45) ~[?:?]
	at java.lang.reflect.Constructor.newInstance(Constructor.java:490) ~[?:?]
	at net.minecraftforge.fml.javafmlmod.FMLJavaModLanguageProvider$FMLModTarget.loadMod(FMLJavaModLanguageProvider.java:62) ~[forge:36.2]
	at net.minecraftforge.fml.ModLoader.buildModContainerFromTOML(ModLoader.java:288) ~[forge:?]
	at net.minecraftforge.fml.ModLoader.lambda$buildMods$29(ModLoader.java:267) ~[forge:?]
	at java.util.stream.ReferencePipeline$3$1.accept(ReferencePipeline.java:195) ~[?:?]
	at java.util.HashMap$EntrySpliterator.forEachRemaining(HashMap.java:1764) ~[?:?]
	at java.util.stream.AbstractPipeline.copyInto(AbstractPipeline.java:484) ~[?:?]
	at java.util.stream.AbstractPipeline.wrapAndCopyInto(AbstractPipeline.java:474) ~[?:?]
	at java.util.stream.ReduceOps$ReduceOp.evaluateSequential(ReduceOps.java:913) ~[?:?]
	at java.util.stream.AbstractPipeline.evaluate(AbstractPipeline.java:234) ~[?:?]
	at java.util.stream.ReferencePipeline.collect(ReferencePipeline.java:578) ~[?:?]
	at net.minecraftforge.fml.ModLoader.buildMods(ModLoader.java:269) ~[forge:?]
	at net.minecraftforge.fml.ModLoader.lambda$gatherAndInitializeMods$11(ModLoader.java:169) ~[forge:?]
	at java.util.stream.ReferencePipeline$3$1.accept(ReferencePipeline.java:195) ~[?:?]
	at java.util.stream.ReferencePipeline$3$1.accept(ReferencePipeline.java:195) ~[?:?]
	at java.util.ArrayList$ArrayListSpliterator.forEachRemaining(ArrayList.java:1655) ~[?:?]
	at java.util.stream.AbstractPipeline.copyInto(AbstractPipeline.java:484) ~[?:?]
	at java.util.stream.AbstractPipeline.wrapAndCopyInto(AbstractPipeline.java:474) ~[?:?]
	at java.util.stream.ReduceOps$ReduceOp.evaluateSequential(ReduceOps.java:913) ~[?:?]
	at java.util.stream.AbstractPipeline.evaluate(AbstractPipeline.java:234) ~[?:?]
	at java.util.stream.ReferencePipeline.collect(ReferencePipeline.java:578) ~[?:?]
	at net.minecraftforge.fml.ModLoader.gatherAndInitializeMods(ModLoader.java:171) ~[forge:?]
	at net.minecraftforge.fml.server.ServerModLoader.load(ServerModLoader.java:30) ~[forge:?]
	at net.minecraft.server.Main.main(Main.java:95) ~[?:?]
	at jdk.internal.reflect.NativeMethodAccessorImpl.invoke0(Native Method) ~[?:?]
	at jdk.internal.reflect.NativeMethodAccessorImpl.invoke(NativeMethodAccessorImpl.java:62) ~[?:?]
	at jdk.internal.reflect.DelegatingMethodAccessorImpl.invoke(DelegatingMethodAccessorImpl.java:43) ~[?:?]
	at java.lang.reflect.Method.invoke(Method.java:566) ~[?:?]
	at net.minecraftforge.fml.loading.FMLServerLaunchProvider.lambda$launchService$0(FMLServerLaunchProvider.java:37) ~[forge-1.16.5-36.2.42.jar:36.2]
	at cpw.mods.modlauncher.LaunchServiceHandlerDecorator.launch(LaunchServiceHandlerDecorator.java:37) [modlauncher-8.1.3.jar:?]
	at cpw.mods.modlauncher.LaunchServiceHandler.launch(LaunchServiceHandler.java:54) [modlauncher-8.1.3.jar:?]
	at cpw.mods.modlauncher.LaunchServiceHandler.launch(LaunchServiceHandler.java:72) [modlauncher-8.1.3.jar:?]
	at cpw.mods.modlauncher.Launcher.run(Launcher.java:82) [modlauncher-8.1.3.jar:?]
	at cpw.mods.modlauncher.Launcher.main(Launcher.java:66) [modlauncher-8.1.3.jar:?]
	at net.minecraftforge.server.ServerMain$Runner.runLauncher(ServerMain.java:49) [forge-1.16.5-36.2.42.jar:?]
	at net.minecraftforge.server.ServerMain$Runner.access$100(ServerMain.java:46) [forge-1.16.5-36.2.42.jar:?]
	at net.minecraftforge.server.ServerMain.main(ServerMain.java:43) [forge-1.16.5-36.2.42.jar:?]
Caused by: net.minecraftforge.fml.ModLoadingException: Panorama has class loading errors
ยง7java.lang.NoClassDefFoundError: net/minecraft/client/renderer/RenderSkyboxCube
	at net.minecraftforge.fml.javafmlmod.FMLModContainer.<init>(FMLModContainer.java:53) ~[forge:36.2]
	... 39 more
Caused by: java.lang.NoClassDefFoundError: net/minecraft/client/renderer/RenderSkyboxCube
	at java.lang.Class.forName0(Native Method) ~[?:?]
	at java.lang.Class.forName(Class.java:398) ~[?:?]
	at net.minecraftforge.fml.javafmlmod.FMLModContainer.<init>(FMLModContainer.java:47) ~[forge:36.2]
	... 39 more
Caused by: java.lang.ClassNotFoundException: net.minecraft.client.renderer.RenderSkyboxCube
	at java.lang.ClassLoader.findClass(ClassLoader.java:724) ~[?:?]
	at java.lang.ClassLoader.loadClass(ClassLoader.java:594) ~[?:?]
	at cpw.mods.modlauncher.TransformingClassLoader.loadClass(TransformingClassLoader.java:106) ~[modlauncher-8.1.3.jar:?]
	at java.lang.ClassLoader.loadClass(ClassLoader.java:527) ~[?:?]
	at java.lang.Class.forName0(Native Method) ~[?:?]
	at java.lang.Class.forName(Class.java:398) ~[?:?]
	at net.minecraftforge.fml.javafmlmod.FMLModContainer.<init>(FMLModContainer.java:47) ~[forge:36.2]
	... 39 more
	Suppressed: java.lang.ClassNotFoundException
		at cpw.mods.modlauncher.TransformingClassLoader$DelegatedClassLoader.findClass(TransformingClassLoader.java:282) ~[modlauncher-8.1.3.jar:?]
		at cpw.mods.modlauncher.TransformingClassLoader.loadClass(TransformingClassLoader.java:136) ~[modlauncher-8.1.3.jar:?]
		at cpw.mods.modlauncher.TransformingClassLoader.loadClass(TransformingClassLoader.java:98) ~[modlauncher-8.1.3.jar:?]
		at java.lang.ClassLoader.loadClass(ClassLoader.java:527) ~[?:?]
		at java.lang.Class.forName0(Native Method) ~[?:?]
		at java.lang.Class.forName(Class.java:398) ~[?:?]
		at net.minecraftforge.fml.javafmlmod.FMLModContainer.<init>(FMLModContainer.java:47) ~[forge:36.2]
		at jdk.internal.reflect.GeneratedConstructorAccessor41.newInstance(Unknown Source) ~[?:?]
		at jdk.internal.reflect.DelegatingConstructorAccessorImpl.newInstance(DelegatingConstructorAccessorImpl.java:45) ~[?:?]
		at java.lang.reflect.Constructor.newInstance(Constructor.java:490) ~[?:?]
		at net.minecraftforge.fml.javafmlmod.FMLJavaModLanguageProvider$FMLModTarget.loadMod(FMLJavaModLanguageProvider.java:62) ~[forge:36.2]
		at net.minecraftforge.fml.ModLoader.buildModContainerFromTOML(ModLoader.java:288) ~[forge:?]
		at net.minecraftforge.fml.ModLoader.lambda$buildMods$29(ModLoader.java:267) ~[forge:?]
		at java.util.stream.ReferencePipeline$3$1.accept(ReferencePipeline.java:195) ~[?:?]
		at java.util.HashMap$EntrySpliterator.forEachRemaining(HashMap.java:1764) ~[?:?]
		at java.util.stream.AbstractPipeline.copyInto(AbstractPipeline.java:484) ~[?:?]
		at java.util.stream.AbstractPipeline.wrapAndCopyInto(AbstractPipeline.java:474) ~[?:?]
		at java.util.stream.ReduceOps$ReduceOp.evaluateSequential(ReduceOps.java:913) ~[?:?]
		at java.util.stream.AbstractPipeline.evaluate(AbstractPipeline.java:234) ~[?:?]
		at java.util.stream.ReferencePipeline.collect(ReferencePipeline.java:578) ~[?:?]
		at net.minecraftforge.fml.ModLoader.buildMods(ModLoader.java:269) ~[forge:?]
		at net.minecraftforge.fml.ModLoader.lambda$gatherAndInitializeMods$11(ModLoader.java:169) ~[forge:?]
		at java.util.stream.ReferencePipeline$3$1.accept(ReferencePipeline.java:195) ~[?:?]
		at java.util.stream.ReferencePipeline$3$1.accept(ReferencePipeline.java:195) ~[?:?]
		at java.util.ArrayList$ArrayListSpliterator.forEachRemaining(ArrayList.java:1655) ~[?:?]
		at java.util.stream.AbstractPipeline.copyInto(AbstractPipeline.java:484) ~[?:?]
		at java.util.stream.AbstractPipeline.wrapAndCopyInto(AbstractPipeline.java:474) ~[?:?]
		at java.util.stream.ReduceOps$ReduceOp.evaluateSequential(ReduceOps.java:913) ~[?:?]
		at java.util.stream.AbstractPipeline.evaluate(AbstractPipeline.java:234) ~[?:?]
		at java.util.stream.ReferencePipeline.collect(ReferencePipeline.java:578) ~[?:?]
		at net.minecraftforge.fml.ModLoader.gatherAndInitializeMods(ModLoader.java:171) ~[forge:?]
		at net.minecraftforge.fml.server.ServerModLoader.load(ServerModLoader.java:30) ~[forge:?]
		at net.minecraft.server.Main.main(Main.java:95) ~[?:?]
		at jdk.internal.reflect.NativeMethodAccessorImpl.invoke0(Native Method) ~[?:?]
		at jdk.internal.reflect.NativeMethodAccessorImpl.invoke(NativeMethodAccessorImpl.java:62) ~[?:?]
		at jdk.internal.reflect.DelegatingMethodAccessorImpl.invoke(DelegatingMethodAccessorImpl.java:43) ~[?:?]
		at java.lang.reflect.Method.invoke(Method.java:566) ~[?:?]
		at net.minecraftforge.fml.loading.FMLServerLaunchProvider.lambda$launchService$0(FMLServerLaunchProvider.java:37) ~[forge-1.16.5-36.2.42.jar:36.2]
		at cpw.mods.modlauncher.LaunchServiceHandlerDecorator.launch(LaunchServiceHandlerDecorator.java:37) [modlauncher-8.1.3.jar:?]
		at cpw.mods.modlauncher.LaunchServiceHandler.launch(LaunchServiceHandler.java:54) [modlauncher-8.1.3.jar:?]
		at cpw.mods.modlauncher.LaunchServiceHandler.launch(LaunchServiceHandler.java:72) [modlauncher-8.1.3.jar:?]
		at cpw.mods.modlauncher.Launcher.run(Launcher.java:82) [modlauncher-8.1.3.jar:?]
		at cpw.mods.modlauncher.Launcher.main(Launcher.java:66) [modlauncher-8.1.3.jar:?]
		at net.minecraftforge.server.ServerMain$Runner.runLauncher(ServerMain.java:49) [forge-1.16.5-36.2.42.jar:?]
		at net.minecraftforge.server.ServerMain$Runner.access$100(ServerMain.java:46) [forge-1.16.5-36.2.42.jar:?]
		at net.minecraftforge.server.ServerMain.main(ServerMain.java:43) [forge-1.16.5-36.2.42.jar:?]
[17Apr2025 00:37:14.934] [main/FATAL] [net.minecraftforge.fml.ModLoader/CORE]: Failed to initialize mod containers
net.minecraftforge.fml.ModLoadingException: Panorama has class loading errors
ยง7java.lang.NoClassDefFoundError: net/minecraft/client/renderer/RenderSkyboxCube
	at net.minecraftforge.fml.javafmlmod.FMLModContainer.<init>(FMLModContainer.java:53) ~[forge:36.2]
	at jdk.internal.reflect.GeneratedConstructorAccessor41.newInstance(Unknown Source) ~[?:?]
	at jdk.internal.reflect.DelegatingConstructorAccessorImpl.newInstance(DelegatingConstructorAccessorImpl.java:45) ~[?:?]
	at java.lang.reflect.Constructor.newInstance(Constructor.java:490) ~[?:?]
	at net.minecraftforge.fml.javafmlmod.FMLJavaModLanguageProvider$FMLModTarget.loadMod(FMLJavaModLanguageProvider.java:62) ~[forge:36.2]
	at net.minecraftforge.fml.ModLoader.buildModContainerFromTOML(ModLoader.java:288) ~[forge:?]
	at net.minecraftforge.fml.ModLoader.lambda$buildMods$29(ModLoader.java:267) ~[forge:?]
	at java.util.stream.ReferencePipeline$3$1.accept(ReferencePipeline.java:195) ~[?:?]
	at java.util.HashMap$EntrySpliterator.forEachRemaining(HashMap.java:1764) ~[?:?]
	at java.util.stream.AbstractPipeline.copyInto(AbstractPipeline.java:484) ~[?:?]
	at java.util.stream.AbstractPipeline.wrapAndCopyInto(AbstractPipeline.java:474) ~[?:?]
	at java.util.stream.ReduceOps$ReduceOp.evaluateSequential(ReduceOps.java:913) ~[?:?]
	at java.util.stream.AbstractPipeline.evaluate(AbstractPipeline.java:234) ~[?:?]
	at java.util.stream.ReferencePipeline.collect(ReferencePipeline.java:578) ~[?:?]
	at net.minecraftforge.fml.ModLoader.buildMods(ModLoader.java:269) ~[forge:?]
	at net.minecraftforge.fml.ModLoader.lambda$gatherAndInitializeMods$11(ModLoader.java:169) ~[forge:?]
	at java.util.stream.ReferencePipeline$3$1.accept(ReferencePipeline.java:195) ~[?:?]
	at java.util.stream.ReferencePipeline$3$1.accept(ReferencePipeline.java:195) ~[?:?]
	at java.util.ArrayList$ArrayListSpliterator.forEachRemaining(ArrayList.java:1655) ~[?:?]
	at java.util.stream.AbstractPipeline.copyInto(AbstractPipeline.java:484) ~[?:?]
	at java.util.stream.AbstractPipeline.wrapAndCopyInto(AbstractPipeline.java:474) ~[?:?]
	at java.util.stream.ReduceOps$ReduceOp.evaluateSequential(ReduceOps.java:913) ~[?:?]
	at java.util.stream.AbstractPipeline.evaluate(AbstractPipeline.java:234) ~[?:?]
	at java.util.stream.ReferencePipeline.collect(ReferencePipeline.java:578) ~[?:?]
	at net.minecraftforge.fml.ModLoader.gatherAndInitializeMods(ModLoader.java:171) ~[forge:?]
	at net.minecraftforge.fml.server.ServerModLoader.load(ServerModLoader.java:30) ~[forge:?]
	at net.minecraft.server.Main.main(Main.java:95) ~[?:?]
	at jdk.internal.reflect.NativeMethodAccessorImpl.invoke0(Native Method) ~[?:?]
	at jdk.internal.reflect.NativeMethodAccessorImpl.invoke(NativeMethodAccessorImpl.java:62) ~[?:?]
	at jdk.internal.reflect.DelegatingMethodAccessorImpl.invoke(DelegatingMethodAccessorImpl.java:43) ~[?:?]
	at java.lang.reflect.Method.invoke(Method.java:566) ~[?:?]
	at net.minecraftforge.fml.loading.FMLServerLaunchProvider.lambda$launchService$0(FMLServerLaunchProvider.java:37) ~[forge-1.16.5-36.2.42.jar:36.2]
	at cpw.mods.modlauncher.LaunchServiceHandlerDecorator.launch(LaunchServiceHandlerDecorator.java:37) [modlauncher-8.1.3.jar:?]
	at cpw.mods.modlauncher.LaunchServiceHandler.launch(LaunchServiceHandler.java:54) [modlauncher-8.1.3.jar:?]
	at cpw.mods.modlauncher.LaunchServiceHandler.launch(LaunchServiceHandler.java:72) [modlauncher-8.1.3.jar:?]
	at cpw.mods.modlauncher.Launcher.run(Launcher.java:82) [modlauncher-8.1.3.jar:?]
	at cpw.mods.modlauncher.Launcher.main(Launcher.java:66) [modlauncher-8.1.3.jar:?]
	at net.minecraftforge.server.ServerMain$Runner.runLauncher(ServerMain.java:49) [forge-1.16.5-36.2.42.jar:?]
	at net.minecraftforge.server.ServerMain$Runner.access$100(ServerMain.java:46) [forge-1.16.5-36.2.42.jar:?]
	at net.minecraftforge.server.ServerMain.main(ServerMain.java:43) [forge-1.16.5-36.2.42.jar:?]
Caused by: java.lang.NoClassDefFoundError: net/minecraft/client/renderer/RenderSkyboxCube
	at java.lang.Class.forName0(Native Method) ~[?:?]
	at java.lang.Class.forName(Class.java:398) ~[?:?]
	at net.minecraftforge.fml.javafmlmod.FMLModContainer.<init>(FMLModContainer.java:47) ~[forge:36.2]
	... 39 more
Caused by: java.lang.ClassNotFoundException: net.minecraft.client.renderer.RenderSkyboxCube
	at java.lang.ClassLoader.findClass(ClassLoader.java:724) ~[?:?]
	at java.lang.ClassLoader.loadClass(ClassLoader.java:594) ~[?:?]
	at cpw.mods.modlauncher.TransformingClassLoader.loadClass(TransformingClassLoader.java:106) ~[modlauncher-8.1.3.jar:?]
	at java.lang.ClassLoader.loadClass(ClassLoader.java:527) ~[?:?]
	at java.lang.Class.forName0(Native Method) ~[?:?]
	at java.lang.Class.forName(Class.java:398) ~[?:?]
	at net.minecraftforge.fml.javafmlmod.FMLModContainer.<init>(FMLModContainer.java:47) ~[forge:36.2]
	... 39 more
	Suppressed: java.lang.ClassNotFoundException
		at cpw.mods.modlauncher.TransformingClassLoader$DelegatedClassLoader.findClass(TransformingClassLoader.java:282) ~[modlauncher-8.1.3.jar:?]
		at cpw.mods.modlauncher.TransformingClassLoader.loadClass(TransformingClassLoader.java:136) ~[modlauncher-8.1.3.jar:?]
		at cpw.mods.modlauncher.TransformingClassLoader.loadClass(TransformingClassLoader.java:98) ~[modlauncher-8.1.3.jar:?]
		at java.lang.ClassLoader.loadClass(ClassLoader.java:527) ~[?:?]
		at java.lang.Class.forName0(Native Method) ~[?:?]
		at java.lang.Class.forName(Class.java:398) ~[?:?]
		at net.minecraftforge.fml.javafmlmod.FMLModContainer.<init>(FMLModContainer.java:47) ~[forge:36.2]
		at jdk.internal.reflect.GeneratedConstructorAccessor41.newInstance(Unknown Source) ~[?:?]
		at jdk.internal.reflect.DelegatingConstructorAccessorImpl.newInstance(DelegatingConstructorAccessorImpl.java:45) ~[?:?]
		at java.lang.reflect.Constructor.newInstance(Constructor.java:490) ~[?:?]
		at net.minecraftforge.fml.javafmlmod.FMLJavaModLanguageProvider$FMLModTarget.loadMod(FMLJavaModLanguageProvider.java:62) ~[forge:36.2]
		at net.minecraftforge.fml.ModLoader.buildModContainerFromTOML(ModLoader.java:288) ~[forge:?]
		at net.minecraftforge.fml.ModLoader.lambda$buildMods$29(ModLoader.java:267) ~[forge:?]
		at java.util.stream.ReferencePipeline$3$1.accept(ReferencePipeline.java:195) ~[?:?]
		at java.util.HashMap$EntrySpliterator.forEachRemaining(HashMap.java:1764) ~[?:?]
		at java.util.stream.AbstractPipeline.copyInto(AbstractPipeline.java:484) ~[?:?]
		at java.util.stream.AbstractPipeline.wrapAndCopyInto(AbstractPipeline.java:474) ~[?:?]
		at java.util.stream.ReduceOps$ReduceOp.evaluateSequential(ReduceOps.java:913) ~[?:?]
		at java.util.stream.AbstractPipeline.evaluate(AbstractPipeline.java:234) ~[?:?]
		at java.util.stream.ReferencePipeline.collect(ReferencePipeline.java:578) ~[?:?]
		at net.minecraftforge.fml.ModLoader.buildMods(ModLoader.java:269) ~[forge:?]
		at net.minecraftforge.fml.ModLoader.lambda$gatherAndInitializeMods$11(ModLoader.java:169) ~[forge:?]
		at java.util.stream.ReferencePipeline$3$1.accept(ReferencePipeline.java:195) ~[?:?]
		at java.util.stream.ReferencePipeline$3$1.accept(ReferencePipeline.java:195) ~[?:?]
		at java.util.ArrayList$ArrayListSpliterator.forEachRemaining(ArrayList.java:1655) ~[?:?]
		at java.util.stream.AbstractPipeline.copyInto(AbstractPipeline.java:484) ~[?:?]
		at java.util.stream.AbstractPipeline.wrapAndCopyInto(AbstractPipeline.java:474) ~[?:?]
		at java.util.stream.ReduceOps$ReduceOp.evaluateSequential(ReduceOps.java:913) ~[?:?]
		at java.util.stream.AbstractPipeline.evaluate(AbstractPipeline.java:234) ~[?:?]
		at java.util.stream.ReferencePipeline.collect(ReferencePipeline.java:578) ~[?:?]
		at net.minecraftforge.fml.ModLoader.gatherAndInitializeMods(ModLoader.java:171) ~[forge:?]
		at net.minecraftforge.fml.server.ServerModLoader.load(ServerModLoader.java:30) ~[forge:?]
		at net.minecraft.server.Main.main(Main.java:95) ~[?:?]
		at jdk.internal.reflect.NativeMethodAccessorImpl.invoke0(Native Method) ~[?:?]
		at jdk.internal.reflect.NativeMethodAccessorImpl.invoke(NativeMethodAccessorImpl.java:62) ~[?:?]
		at jdk.internal.reflect.DelegatingMethodAccessorImpl.invoke(DelegatingMethodAccessorImpl.java:43) ~[?:?]
		at java.lang.reflect.Method.invoke(Method.java:566) ~[?:?]
		at net.minecraftforge.fml.loading.FMLServerLaunchProvider.lambda$launchService$0(FMLServerLaunchProvider.java:37) ~[forge-1.16.5-36.2.42.jar:36.2]
		at cpw.mods.modlauncher.LaunchServiceHandlerDecorator.launch(LaunchServiceHandlerDecorator.java:37) [modlauncher-8.1.3.jar:?]
		at cpw.mods.modlauncher.LaunchServiceHandler.launch(LaunchServiceHandler.java:54) [modlauncher-8.1.3.jar:?]
		at cpw.mods.modlauncher.LaunchServiceHandler.launch(LaunchServiceHandler.java:72) [modlauncher-8.1.3.jar:?]
		at cpw.mods.modlauncher.Launcher.run(Launcher.java:82) [modlauncher-8.1.3.jar:?]
		at cpw.mods.modlauncher.Launcher.main(Launcher.java:66) [modlauncher-8.1.3.jar:?]
		at net.minecraftforge.server.ServerMain$Runner.runLauncher(ServerMain.java:49) [forge-1.16.5-36.2.42.jar:?]
		at net.minecraftforge.server.ServerMain$Runner.access$100(ServerMain.java:46) [forge-1.16.5-36.2.42.jar:?]
		at net.minecraftforge.server.ServerMain.main(ServerMain.java:43) [forge-1.16.5-36.2.42.jar:?]
[17Apr2025 00:37:14.957] [main/INFO] [STDOUT/]: [net.minecraft.crash.CrashReport:func_85057_a:196]: Negative index in crash report handler (16/18)
[17Apr2025 00:37:14.963] [main/FATAL] [net.minecraftforge.fml.server.ServerModLoader/]: Crash report saved to ./crash-reports/crash-2025-04-17_00.37.14-fml.txt
[17Apr2025 00:37:14.966] [main/FATAL] [net.minecraft.server.Main/]: Failed to start the minecraft server
net.minecraftforge.fml.LoadingFailedException: Loading errors encountered: [
	Panorama has class loading errors
ยง7java.lang.NoClassDefFoundError: net/minecraft/client/renderer/RenderSkyboxCube
]
	at net.minecraftforge.fml.ModLoader.gatherAndInitializeMods(ModLoader.java:176) ~[forge:?]
	at net.minecraftforge.fml.server.ServerModLoader.load(ServerModLoader.java:30) ~[forge:?]
	at net.minecraft.server.Main.main(Main.java:95) ~[?:?]
	at jdk.internal.reflect.NativeMethodAccessorImpl.invoke0(Native Method) ~[?:?]
	at jdk.internal.reflect.NativeMethodAccessorImpl.invoke(NativeMethodAccessorImpl.java:62) ~[?:?]
	at jdk.internal.reflect.DelegatingMethodAccessorImpl.invoke(DelegatingMethodAccessorImpl.java:43) ~[?:?]
	at java.lang.reflect.Method.invoke(Method.java:566) ~[?:?]
	at net.minecraftforge.fml.loading.FMLServerLaunchProvider.lambda$launchService$0(FMLServerLaunchProvider.java:37) ~[forge-1.16.5-36.2.42.jar:36.2]
	at cpw.mods.modlauncher.LaunchServiceHandlerDecorator.launch(LaunchServiceHandlerDecorator.java:37) [modlauncher-8.1.3.jar:?]
	at cpw.mods.modlauncher.LaunchServiceHandler.launch(LaunchServiceHandler.java:54) [modlauncher-8.1.3.jar:?]
	at cpw.mods.modlauncher.LaunchServiceHandler.launch(LaunchServiceHandler.java:72) [modlauncher-8.1.3.jar:?]
	at cpw.mods.modlauncher.Launcher.run(Launcher.java:82) [modlauncher-8.1.3.jar:?]
	at cpw.mods.modlauncher.Launcher.main(Launcher.java:66) [modlauncher-8.1.3.jar:?]
	at net.minecraftforge.server.ServerMain$Runner.runLauncher(ServerMain.java:49) [forge-1.16.5-36.2.42.jar:?]
	at net.minecraftforge.server.ServerMain$Runner.access$100(ServerMain.java:46) [forge-1.16.5-36.2.42.jar:?]
	at net.minecraftforge.server.ServerMain.main(ServerMain.java:43) [forge-1.16.5-36.2.42.jar:?]
